#
# There is insufficient memory for the Java Runtime Environment to continue.
# Native memory allocation (malloc) failed to allocate 2097152 bytes for AllocateHeap
# Possible reasons:
#   The system is out of physical RAM or swap space
#   The process is running with CompressedOops enabled, and the Java Heap may be blocking the growth of the native heap
# Possible solutions:
#   Reduce memory load on the system
#   Increase physical memory or swap space
#   Check if swap backing store is full
#   Decrease Java heap size (-Xmx/-Xms)
#   Decrease number of Java threads
#   Decrease Java thread stack sizes (-Xss)
#   Set larger code cache with -XX:ReservedCodeCacheSize=
#   JVM is running with Zero Based Compressed Oops mode in which the Java heap is
#     placed in the first 32GB address space. The Java Heap base address is the
#     maximum limit for the native heap growth. Please use -XX:HeapBaseMinAddress
#     to set the Java Heap base and to place the Java Heap above 32GB virtual address.
# This output file may be truncated or incomplete.
#
#  Out of Memory Error (allocation.cpp:44), pid=18380, tid=13944
#
# JRE version: OpenJDK Runtime Environment Temurin-17.0.4.1+1 (17.0.4.1+1) (build 17.0.4.1+1)
# Java VM: OpenJDK 64-Bit Server VM Temurin-17.0.4.1+1 (17.0.4.1+1, mixed mode, sharing, tiered, compressed oops, compressed class ptrs, g1 gc, windows-amd64)
# No core dump will be written. Minidumps are not enabled by default on client versions of Windows
#

---------------  S U M M A R Y ------------

Command Line: -XX:MaxGCPauseMillis=50 -agentlib:jdwp=transport=dt_shmem,address=javadebug -Dfile.encoding=UTF-8 bluej.runtime.ExecServer UTF-8

Host: AMD Ryzen 5 5500                               , 12 cores, 15G,  Windows 11 , 64 bit Build 22621 (10.0.22621.3527)
Time: Sat May 25 00:19:21 2024 E. South America Standard Time elapsed time: 2.971149 seconds (0d 0h 0m 2s)

---------------  T H R E A D  ---------------

Current thread (0x000001b0de68ff50):  VMThread "VM Thread" [stack: 0x0000006b44600000,0x0000006b44700000] [id=13944]

Stack: [0x0000006b44600000,0x0000006b44700000]
Native frames: (J=compiled Java code, j=interpreted, Vv=VM code, C=native code)
V  [jvm.dll+0x67731a]
V  [jvm.dll+0x832284]
V  [jvm.dll+0x833a2e]
V  [jvm.dll+0x834093]
V  [jvm.dll+0x245775]
V  [jvm.dll+0xa6393]
V  [jvm.dll+0x2f59c1]
V  [jvm.dll+0x2f1640]
V  [jvm.dll+0x2d9d27]
V  [jvm.dll+0x31ce37]
V  [jvm.dll+0x83853b]
V  [jvm.dll+0x839274]
V  [jvm.dll+0x83978c]
V  [jvm.dll+0x839b64]
V  [jvm.dll+0x839c30]
V  [jvm.dll+0x7e240a]
V  [jvm.dll+0x6761a5]
C  [ucrtbase.dll+0x29333]
C  [KERNEL32.DLL+0x1257d]
C  [ntdll.dll+0x5aa48]

VM_Operation (0x0000006b47dfee40): G1CollectFull, mode: safepoint, requested by thread 0x000001b0e01e1120


---------------  P R O C E S S  ---------------

Threads class SMR info:
_java_thread_list=0x000001b0e01c7b40, length=29, elements={
0x000001b0de698af0, 0x000001b0de699870, 0x000001b0de6a4a80, 0x000001b0de6c5450,
0x000001b0de6c8320, 0x000001b0de6cabf0, 0x000001b0b9944460, 0x000001b0b9942b10,
0x000001b0de6e9ea0, 0x000001b0df242a40, 0x000001b0df255850, 0x000001b0df257d50,
0x000001b0df264290, 0x000001b0df26f000, 0x000001b0e01d5400, 0x000001b0e01c7db0,
0x000001b0e01d2900, 0x000001b0e01f9030, 0x000001b0bbcb9960, 0x000001b0e03cbc40,
0x000001b0e5c23e60, 0x000001b0e60471e0, 0x000001b0e01e02b0, 0x000001b0e01dfde0,
0x000001b0e01e0c50, 0x000001b0e01e0780, 0x000001b0e01e1120, 0x000001b0e01e2e00,
0x000001b0e01e32d0
}

Java Threads: ( => current thread )
  0x000001b0de698af0 JavaThread "Reference Handler" daemon [_thread_blocked, id=28996, stack(0x0000006b44700000,0x0000006b44800000)]
  0x000001b0de699870 JavaThread "Finalizer" daemon [_thread_blocked, id=4592, stack(0x0000006b44800000,0x0000006b44900000)]
  0x000001b0de6a4a80 JavaThread "Signal Dispatcher" daemon [_thread_blocked, id=29936, stack(0x0000006b44900000,0x0000006b44a00000)]
  0x000001b0de6c5450 JavaThread "Attach Listener" daemon [_thread_blocked, id=29932, stack(0x0000006b44a00000,0x0000006b44b00000)]
  0x000001b0de6c8320 JavaThread "Service Thread" daemon [_thread_blocked, id=16068, stack(0x0000006b44b00000,0x0000006b44c00000)]
  0x000001b0de6cabf0 JavaThread "Monitor Deflation Thread" daemon [_thread_blocked, id=16104, stack(0x0000006b44c00000,0x0000006b44d00000)]
  0x000001b0b9944460 JavaThread "C2 CompilerThread0" daemon [_thread_blocked, id=16752, stack(0x0000006b44d00000,0x0000006b44e00000)]
  0x000001b0b9942b10 JavaThread "C1 CompilerThread0" daemon [_thread_blocked, id=14940, stack(0x0000006b44e00000,0x0000006b44f00000)]
  0x000001b0de6e9ea0 JavaThread "Sweeper thread" daemon [_thread_blocked, id=18316, stack(0x0000006b44f00000,0x0000006b45000000)]
  0x000001b0df242a40 JavaThread "JDWP Transport Listener: dt_shmem" daemon [_thread_blocked, id=824, stack(0x0000006b45000000,0x0000006b45100000)]
  0x000001b0df255850 JavaThread "JDWP Event Helper Thread" daemon [_thread_blocked, id=6860, stack(0x0000006b45100000,0x0000006b45200000)]
  0x000001b0df257d50 JavaThread "JDWP Command Reader" daemon [_thread_in_native, id=27468, stack(0x0000006b45200000,0x0000006b45300000)]
  0x000001b0df264290 JavaThread "Notification Thread" daemon [_thread_blocked, id=29280, stack(0x0000006b45300000,0x0000006b45400000)]
  0x000001b0df26f000 JavaThread "Common-Cleaner" daemon [_thread_blocked, id=28788, stack(0x0000006b45500000,0x0000006b45600000)]
  0x000001b0e01d5400 JavaThread "Java2D Disposer" daemon [_thread_blocked, id=26260, stack(0x0000006b45600000,0x0000006b45700000)]
  0x000001b0e01c7db0 JavaThread "AWT-Shutdown" [_thread_blocked, id=26840, stack(0x0000006b45700000,0x0000006b45800000)]
  0x000001b0e01d2900 JavaThread "AWT-Windows" daemon [_thread_in_native, id=12868, stack(0x0000006b45800000,0x0000006b45900000)]
  0x000001b0e01f9030 JavaThread "BlueJ worker thread" [_thread_blocked, id=28040, stack(0x0000006b45a00000,0x0000006b45b00000)]
  0x000001b0bbcb9960 JavaThread "DestroyJavaVM" [_thread_blocked, id=20492, stack(0x0000006b44000000,0x0000006b44100000)]
  0x000001b0e03cbc40 JavaThread "main" [_thread_blocked, id=20728, stack(0x0000006b45c00000,0x0000006b45d00000)]
  0x000001b0e5c23e60 JavaThread "AWT-EventQueue-0" [_thread_blocked, id=29904, stack(0x0000006b46600000,0x0000006b46700000)]
  0x000001b0e60471e0 JavaThread "QuantumRenderer-0" daemon [_thread_blocked, id=18028, stack(0x0000006b47000000,0x0000006b47100000)]
  0x000001b0e01e02b0 JavaThread "InvokeLaterDispatcher" daemon [_thread_blocked, id=29564, stack(0x0000006b47100000,0x0000006b47200000)]
  0x000001b0e01dfde0 JavaThread "JavaFX Application Thread" [_thread_in_native, id=24696, stack(0x0000006b47200000,0x0000006b47300000)]
  0x000001b0e01e0c50 JavaThread "VMCommsSimulation" [_thread_blocked, id=13712, stack(0x0000006b47a00000,0x0000006b47b00000)]
  0x000001b0e01e0780 JavaThread "Thread-2" daemon [_thread_blocked, id=30196, stack(0x0000006b45900000,0x0000006b45a00000)]
  0x000001b0e01e1120 JavaThread "SimulationThread" [_thread_blocked, id=30164, stack(0x0000006b47d00000,0x0000006b47e00000)]
  0x000001b0e01e2e00 JavaThread "Java Sound Event Dispatcher" daemon [_thread_blocked, id=30144, stack(0x0000006b47e00000,0x0000006b47f00000)]
  0x000001b0e01e32d0 JavaThread "SoundStream:file:/C:/Users/danil/OneDrive/Ãrea%20de%20Trabalho/JogoModelado-versao2.0-copy-copy/sounds/Doom%20Eternal%20OST%20-%20The%20Only%20Thing%20They%20Fear%20Is%20You%20(Mick%20Gordon)%20%5bDoom%20Eternal%20Theme%5d.mp3" [_thread_blocked, id=30232, stack(0x0000006b48100000,0x0000006b48200000)]

Other Threads:
=>0x000001b0de68ff50 VMThread "VM Thread" [stack: 0x0000006b44600000,0x0000006b44700000] [id=13944]
  0x000001b0b993ef30 WatcherThread [stack: 0x0000006b45400000,0x0000006b45500000] [id=9744]
  0x000001b0bbd266e0 GCTaskThread "GC Thread#0" [stack: 0x0000006b44100000,0x0000006b44200000] [id=16208]
  0x000001b0e5ccf140 GCTaskThread "GC Thread#1" [stack: 0x0000006b46700000,0x0000006b46800000] [id=27804]
  0x000001b0e5d9e340 GCTaskThread "GC Thread#2" [stack: 0x0000006b46800000,0x0000006b46900000] [id=28004]
  0x000001b0e5cb4930 GCTaskThread "GC Thread#3" [stack: 0x0000006b46900000,0x0000006b46a00000] [id=18036]
  0x000001b0e5d8c8f0 GCTaskThread "GC Thread#4" [stack: 0x0000006b46a00000,0x0000006b46b00000] [id=30592]
  0x000001b0e5d8cba0 GCTaskThread "GC Thread#5" [stack: 0x0000006b46b00000,0x0000006b46c00000] [id=30520]
  0x000001b0e5d8ce50 GCTaskThread "GC Thread#6" [stack: 0x0000006b46c00000,0x0000006b46d00000] [id=30472]
  0x000001b0e5d8d100 GCTaskThread "GC Thread#7" [stack: 0x0000006b46d00000,0x0000006b46e00000] [id=29224]
  0x000001b0e5d8d3b0 GCTaskThread "GC Thread#8" [stack: 0x0000006b46e00000,0x0000006b46f00000] [id=16008]
  0x000001b0e5d8d660 GCTaskThread "GC Thread#9" [stack: 0x0000006b46f00000,0x0000006b47000000] [id=30104]
  0x000001b0bbd37380 ConcurrentGCThread "G1 Main Marker" [stack: 0x0000006b44200000,0x0000006b44300000] [id=28072]
  0x000001b0bbd38be0 ConcurrentGCThread "G1 Conc#0" [stack: 0x0000006b44300000,0x0000006b44400000] [id=26244]
  0x000001b0de5c64b0 ConcurrentGCThread "G1 Refine#0" [stack: 0x0000006b44400000,0x0000006b44500000] [id=21608]
  0x000001b0de5c6ce0 ConcurrentGCThread "G1 Service" [stack: 0x0000006b44500000,0x0000006b44600000] [id=328]

Threads with active compile tasks:
C2 CompilerThread0     3005 1487       4       javazoom.jl.decoder.SynthesisFilter::calculate_pcm_samples (70 bytes)

VM state: at safepoint (normal execution)

VM Mutex/Monitor currently owned by a thread:  ([mutex/lock_event])
[0x000001b0bbcb6360] Threads_lock - owner thread: 0x000001b0de68ff50
[0x000001b0bbcb5dc0] Heap_lock - owner thread: 0x000001b0e01e1120

Heap address: 0x0000000701a00000, size: 4070 MB, Compressed Oops mode: Zero based, Oop shift amount: 3

CDS archive(s) mapped at: [0x0000000800000000-0x0000000800bc0000-0x0000000800bc0000), size 12320768, SharedBaseAddress: 0x0000000800000000, ArchiveRelocationMode: 0.
Compressed class space mapped at: 0x0000000800c00000-0x0000000840c00000, reserved size: 1073741824
Narrow klass base: 0x0000000800000000, Narrow klass shift: 0, Narrow klass range: 0x100000000

GC Precious Log:
 CPUs: 12 total, 12 available
 Memory: 16273M
 Large Page Support: Disabled
 NUMA Support: Disabled
 Compressed Oops: Enabled (Zero based)
 Heap Region Size: 2M
 Heap Min Capacity: 8M
 Heap Initial Capacity: 256M
 Heap Max Capacity: 4070M
 Pre-touch: Disabled
 Parallel Workers: 10
 Concurrent Workers: 3
 Concurrent Refinement Workers: 10
 Periodic GC: Disabled

Heap:
 garbage-first heap   total 262144K, used 42643K [0x0000000701a00000, 0x0000000800000000)
  region size 2048K, 5 young (10240K), 1 survivors (2048K)
 Metaspace       used 10244K, committed 10496K, reserved 1064960K
  class space    used 1026K, committed 1152K, reserved 1048576K

Heap Regions: E=young(eden), S=young(survivor), O=old, HS=humongous(starts), HC=humongous(continues), CS=collection set, F=free, OA=open archive, CA=closed archive, TAMS=top-at-mark-start (previous, next)
|   0|0x0000000701a00000, 0x0000000701c00000, 0x0000000701c00000|100%| O|  |TAMS 0x0000000701a00000, 0x0000000701a00000| Untracked 
|   1|0x0000000701c00000, 0x0000000701e00000, 0x0000000701e00000|100%| O|  |TAMS 0x0000000701c00000, 0x0000000701c00000| Untracked 
|   2|0x0000000701e00000, 0x0000000701e1ce00, 0x0000000702000000|  5%| O|  |TAMS 0x0000000701e00000, 0x0000000701e00000| Untracked 
|   3|0x0000000702000000, 0x0000000702200000, 0x0000000702200000|100%|HS|  |TAMS 0x0000000702000000, 0x0000000702000000| Complete 
|   4|0x0000000702200000, 0x0000000702400000, 0x0000000702400000|100%|HC|  |TAMS 0x0000000702200000, 0x0000000702200000| Complete 
|   5|0x0000000702400000, 0x0000000702600000, 0x0000000702600000|100%|HS|  |TAMS 0x0000000702400000, 0x0000000702400000| Complete 
|   6|0x0000000702600000, 0x0000000702800000, 0x0000000702800000|100%|HC|  |TAMS 0x0000000702600000, 0x0000000702600000| Complete 
|   7|0x0000000702800000, 0x0000000702a00000, 0x0000000702a00000|100%|HS|  |TAMS 0x0000000702800000, 0x0000000702800000| Complete 
|   8|0x0000000702a00000, 0x0000000702c00000, 0x0000000702c00000|100%|HC|  |TAMS 0x0000000702a00000, 0x0000000702a00000| Complete 
|   9|0x0000000702c00000, 0x0000000702e00000, 0x0000000702e00000|100%|HS|  |TAMS 0x0000000702c00000, 0x0000000702c00000| Complete 
|  10|0x0000000702e00000, 0x0000000703000000, 0x0000000703000000|100%|HC|  |TAMS 0x0000000702e00000, 0x0000000702e00000| Complete 
|  11|0x0000000703000000, 0x0000000703200000, 0x0000000703200000|100%|HS|  |TAMS 0x0000000703000000, 0x0000000703000000| Complete 
|  12|0x0000000703200000, 0x0000000703400000, 0x0000000703400000|100%|HC|  |TAMS 0x0000000703200000, 0x0000000703200000| Complete 
|  13|0x0000000703400000, 0x0000000703600000, 0x0000000703600000|100%|HS|  |TAMS 0x0000000703400000, 0x0000000703400000| Complete 
|  14|0x0000000703600000, 0x0000000703800000, 0x0000000703800000|100%|HC|  |TAMS 0x0000000703600000, 0x0000000703600000| Complete 
|  15|0x0000000703800000, 0x0000000703a00000, 0x0000000703a00000|100%|HS|  |TAMS 0x0000000703800000, 0x0000000703800000| Complete 
|  16|0x0000000703a00000, 0x0000000703c00000, 0x0000000703c00000|100%|HC|  |TAMS 0x0000000703a00000, 0x0000000703a00000| Complete 
|  17|0x0000000703c00000, 0x0000000703e00000, 0x0000000703e00000|100%|HS|  |TAMS 0x0000000703c00000, 0x0000000703c00000| Complete 
|  18|0x0000000703e00000, 0x0000000704000000, 0x0000000704000000|100%|HC|  |TAMS 0x0000000703e00000, 0x0000000703e00000| Complete 
|  19|0x0000000704000000, 0x0000000704000000, 0x0000000704200000|  0%| F|  |TAMS 0x0000000704000000, 0x0000000704000000| Untracked 
|  20|0x0000000704200000, 0x0000000704200000, 0x0000000704400000|  0%| F|  |TAMS 0x0000000704200000, 0x0000000704200000| Untracked 
|  21|0x0000000704400000, 0x0000000704400000, 0x0000000704600000|  0%| F|  |TAMS 0x0000000704400000, 0x0000000704400000| Untracked 
|  22|0x0000000704600000, 0x0000000704600000, 0x0000000704800000|  0%| F|  |TAMS 0x0000000704600000, 0x0000000704600000| Untracked 
|  23|0x0000000704800000, 0x0000000704800000, 0x0000000704a00000|  0%| F|  |TAMS 0x0000000704800000, 0x0000000704800000| Untracked 
|  24|0x0000000704a00000, 0x0000000704a00000, 0x0000000704c00000|  0%| F|  |TAMS 0x0000000704a00000, 0x0000000704a00000| Untracked 
|  25|0x0000000704c00000, 0x0000000704c00000, 0x0000000704e00000|  0%| F|  |TAMS 0x0000000704c00000, 0x0000000704c00000| Untracked 
|  26|0x0000000704e00000, 0x0000000704e00000, 0x0000000705000000|  0%| F|  |TAMS 0x0000000704e00000, 0x0000000704e00000| Untracked 
|  27|0x0000000705000000, 0x0000000705000000, 0x0000000705200000|  0%| F|  |TAMS 0x0000000705000000, 0x0000000705000000| Untracked 
|  28|0x0000000705200000, 0x0000000705200000, 0x0000000705400000|  0%| F|  |TAMS 0x0000000705200000, 0x0000000705200000| Untracked 
|  29|0x0000000705400000, 0x0000000705400000, 0x0000000705600000|  0%| F|  |TAMS 0x0000000705400000, 0x0000000705400000| Untracked 
|  30|0x0000000705600000, 0x0000000705600000, 0x0000000705800000|  0%| F|  |TAMS 0x0000000705600000, 0x0000000705600000| Untracked 
|  31|0x0000000705800000, 0x0000000705800000, 0x0000000705a00000|  0%| F|  |TAMS 0x0000000705800000, 0x0000000705800000| Untracked 
|  32|0x0000000705a00000, 0x0000000705a00000, 0x0000000705c00000|  0%| F|  |TAMS 0x0000000705a00000, 0x0000000705a00000| Untracked 
|  33|0x0000000705c00000, 0x0000000705c00000, 0x0000000705e00000|  0%| F|  |TAMS 0x0000000705c00000, 0x0000000705c00000| Untracked 
|  34|0x0000000705e00000, 0x0000000705e00000, 0x0000000706000000|  0%| F|  |TAMS 0x0000000705e00000, 0x0000000705e00000| Untracked 
|  35|0x0000000706000000, 0x0000000706000000, 0x0000000706200000|  0%| F|  |TAMS 0x0000000706000000, 0x0000000706000000| Untracked 
|  36|0x0000000706200000, 0x0000000706200000, 0x0000000706400000|  0%| F|  |TAMS 0x0000000706200000, 0x0000000706200000| Untracked 
|  37|0x0000000706400000, 0x0000000706400000, 0x0000000706600000|  0%| F|  |TAMS 0x0000000706400000, 0x0000000706400000| Untracked 
|  38|0x0000000706600000, 0x0000000706600000, 0x0000000706800000|  0%| F|  |TAMS 0x0000000706600000, 0x0000000706600000| Untracked 
|  39|0x0000000706800000, 0x0000000706800000, 0x0000000706a00000|  0%| F|  |TAMS 0x0000000706800000, 0x0000000706800000| Untracked 
|  40|0x0000000706a00000, 0x0000000706a00000, 0x0000000706c00000|  0%| F|  |TAMS 0x0000000706a00000, 0x0000000706a00000| Untracked 
|  41|0x0000000706c00000, 0x0000000706c00000, 0x0000000706e00000|  0%| F|  |TAMS 0x0000000706c00000, 0x0000000706c00000| Untracked 
|  42|0x0000000706e00000, 0x0000000706e00000, 0x0000000707000000|  0%| F|  |TAMS 0x0000000706e00000, 0x0000000706e00000| Untracked 
|  43|0x0000000707000000, 0x0000000707000000, 0x0000000707200000|  0%| F|  |TAMS 0x0000000707000000, 0x0000000707000000| Untracked 
|  44|0x0000000707200000, 0x0000000707200000, 0x0000000707400000|  0%| F|  |TAMS 0x0000000707200000, 0x0000000707200000| Untracked 
|  45|0x0000000707400000, 0x0000000707400000, 0x0000000707600000|  0%| F|  |TAMS 0x0000000707400000, 0x0000000707400000| Untracked 
|  46|0x0000000707600000, 0x0000000707600000, 0x0000000707800000|  0%| F|  |TAMS 0x0000000707600000, 0x0000000707600000| Untracked 
|  47|0x0000000707800000, 0x0000000707800000, 0x0000000707a00000|  0%| F|  |TAMS 0x0000000707800000, 0x0000000707800000| Untracked 
|  48|0x0000000707a00000, 0x0000000707a00000, 0x0000000707c00000|  0%| F|  |TAMS 0x0000000707a00000, 0x0000000707a00000| Untracked 
|  49|0x0000000707c00000, 0x0000000707c00000, 0x0000000707e00000|  0%| F|  |TAMS 0x0000000707c00000, 0x0000000707c00000| Untracked 
|  50|0x0000000707e00000, 0x0000000707e00000, 0x0000000708000000|  0%| F|  |TAMS 0x0000000707e00000, 0x0000000707e00000| Untracked 
|  51|0x0000000708000000, 0x0000000708000000, 0x0000000708200000|  0%| F|  |TAMS 0x0000000708000000, 0x0000000708000000| Untracked 
|  52|0x0000000708200000, 0x0000000708200000, 0x0000000708400000|  0%| F|  |TAMS 0x0000000708200000, 0x0000000708200000| Untracked 
|  53|0x0000000708400000, 0x0000000708400000, 0x0000000708600000|  0%| F|  |TAMS 0x0000000708400000, 0x0000000708400000| Untracked 
|  54|0x0000000708600000, 0x0000000708600000, 0x0000000708800000|  0%| F|  |TAMS 0x0000000708600000, 0x0000000708600000| Untracked 
|  55|0x0000000708800000, 0x0000000708800000, 0x0000000708a00000|  0%| F|  |TAMS 0x0000000708800000, 0x0000000708800000| Untracked 
|  56|0x0000000708a00000, 0x0000000708a00000, 0x0000000708c00000|  0%| F|  |TAMS 0x0000000708a00000, 0x0000000708a00000| Untracked 
|  57|0x0000000708c00000, 0x0000000708c00000, 0x0000000708e00000|  0%| F|  |TAMS 0x0000000708c00000, 0x0000000708c00000| Untracked 
|  58|0x0000000708e00000, 0x0000000708e00000, 0x0000000709000000|  0%| F|  |TAMS 0x0000000708e00000, 0x0000000708e00000| Untracked 
|  59|0x0000000709000000, 0x0000000709000000, 0x0000000709200000|  0%| F|  |TAMS 0x0000000709000000, 0x0000000709000000| Untracked 
|  60|0x0000000709200000, 0x0000000709200000, 0x0000000709400000|  0%| F|  |TAMS 0x0000000709200000, 0x0000000709200000| Untracked 
|  61|0x0000000709400000, 0x0000000709400000, 0x0000000709600000|  0%| F|  |TAMS 0x0000000709400000, 0x0000000709400000| Untracked 
|  62|0x0000000709600000, 0x0000000709600000, 0x0000000709800000|  0%| F|  |TAMS 0x0000000709600000, 0x0000000709600000| Untracked 
|  63|0x0000000709800000, 0x0000000709800000, 0x0000000709a00000|  0%| F|  |TAMS 0x0000000709800000, 0x0000000709800000| Untracked 
|  64|0x0000000709a00000, 0x0000000709a00000, 0x0000000709c00000|  0%| F|  |TAMS 0x0000000709a00000, 0x0000000709a00000| Untracked 
|  65|0x0000000709c00000, 0x0000000709c00000, 0x0000000709e00000|  0%| F|  |TAMS 0x0000000709c00000, 0x0000000709c00000| Untracked 
|  66|0x0000000709e00000, 0x0000000709e00000, 0x000000070a000000|  0%| F|  |TAMS 0x0000000709e00000, 0x0000000709e00000| Untracked 
|  67|0x000000070a000000, 0x000000070a000000, 0x000000070a200000|  0%| F|  |TAMS 0x000000070a000000, 0x000000070a000000| Untracked 
|  68|0x000000070a200000, 0x000000070a200000, 0x000000070a400000|  0%| F|  |TAMS 0x000000070a200000, 0x000000070a200000| Untracked 
|  69|0x000000070a400000, 0x000000070a400000, 0x000000070a600000|  0%| F|  |TAMS 0x000000070a400000, 0x000000070a400000| Untracked 
|  70|0x000000070a600000, 0x000000070a600000, 0x000000070a800000|  0%| F|  |TAMS 0x000000070a600000, 0x000000070a600000| Untracked 
|  71|0x000000070a800000, 0x000000070a800000, 0x000000070aa00000|  0%| F|  |TAMS 0x000000070a800000, 0x000000070a800000| Untracked 
|  72|0x000000070aa00000, 0x000000070aa00000, 0x000000070ac00000|  0%| F|  |TAMS 0x000000070aa00000, 0x000000070aa00000| Untracked 
|  73|0x000000070ac00000, 0x000000070ac00000, 0x000000070ae00000|  0%| F|  |TAMS 0x000000070ac00000, 0x000000070ac00000| Untracked 
|  74|0x000000070ae00000, 0x000000070ae00000, 0x000000070b000000|  0%| F|  |TAMS 0x000000070ae00000, 0x000000070ae00000| Untracked 
|  75|0x000000070b000000, 0x000000070b000000, 0x000000070b200000|  0%| F|  |TAMS 0x000000070b000000, 0x000000070b000000| Untracked 
|  76|0x000000070b200000, 0x000000070b200000, 0x000000070b400000|  0%| F|  |TAMS 0x000000070b200000, 0x000000070b200000| Untracked 
|  77|0x000000070b400000, 0x000000070b400000, 0x000000070b600000|  0%| F|  |TAMS 0x000000070b400000, 0x000000070b400000| Untracked 
|  78|0x000000070b600000, 0x000000070b600000, 0x000000070b800000|  0%| F|  |TAMS 0x000000070b600000, 0x000000070b600000| Untracked 
|  79|0x000000070b800000, 0x000000070b800000, 0x000000070ba00000|  0%| F|  |TAMS 0x000000070b800000, 0x000000070b800000| Untracked 
|  80|0x000000070ba00000, 0x000000070ba00000, 0x000000070bc00000|  0%| F|  |TAMS 0x000000070ba00000, 0x000000070ba00000| Untracked 
|  81|0x000000070bc00000, 0x000000070bc00000, 0x000000070be00000|  0%| F|  |TAMS 0x000000070bc00000, 0x000000070bc00000| Untracked 
|  82|0x000000070be00000, 0x000000070be00000, 0x000000070c000000|  0%| F|  |TAMS 0x000000070be00000, 0x000000070be00000| Untracked 
|  83|0x000000070c000000, 0x000000070c000000, 0x000000070c200000|  0%| F|  |TAMS 0x000000070c000000, 0x000000070c000000| Untracked 
|  84|0x000000070c200000, 0x000000070c200000, 0x000000070c400000|  0%| F|  |TAMS 0x000000070c200000, 0x000000070c200000| Untracked 
|  85|0x000000070c400000, 0x000000070c400000, 0x000000070c600000|  0%| F|  |TAMS 0x000000070c400000, 0x000000070c400000| Untracked 
|  86|0x000000070c600000, 0x000000070c600000, 0x000000070c800000|  0%| F|  |TAMS 0x000000070c600000, 0x000000070c600000| Untracked 
|  87|0x000000070c800000, 0x000000070c800000, 0x000000070ca00000|  0%| F|  |TAMS 0x000000070c800000, 0x000000070c800000| Untracked 
|  88|0x000000070ca00000, 0x000000070ca00000, 0x000000070cc00000|  0%| F|  |TAMS 0x000000070ca00000, 0x000000070ca00000| Untracked 
|  89|0x000000070cc00000, 0x000000070cc00000, 0x000000070ce00000|  0%| F|  |TAMS 0x000000070cc00000, 0x000000070cc00000| Untracked 
|  90|0x000000070ce00000, 0x000000070ce00000, 0x000000070d000000|  0%| F|  |TAMS 0x000000070ce00000, 0x000000070ce00000| Untracked 
|  91|0x000000070d000000, 0x000000070d000000, 0x000000070d200000|  0%| F|  |TAMS 0x000000070d000000, 0x000000070d000000| Untracked 
|  92|0x000000070d200000, 0x000000070d200000, 0x000000070d400000|  0%| F|  |TAMS 0x000000070d200000, 0x000000070d200000| Untracked 
|  93|0x000000070d400000, 0x000000070d400000, 0x000000070d600000|  0%| F|  |TAMS 0x000000070d400000, 0x000000070d400000| Untracked 
|  94|0x000000070d600000, 0x000000070d600000, 0x000000070d800000|  0%| F|  |TAMS 0x000000070d600000, 0x000000070d600000| Untracked 
|  95|0x000000070d800000, 0x000000070d800000, 0x000000070da00000|  0%| F|  |TAMS 0x000000070d800000, 0x000000070d800000| Untracked 
|  96|0x000000070da00000, 0x000000070da00000, 0x000000070dc00000|  0%| F|  |TAMS 0x000000070da00000, 0x000000070da00000| Untracked 
|  97|0x000000070dc00000, 0x000000070dc00000, 0x000000070de00000|  0%| F|  |TAMS 0x000000070dc00000, 0x000000070dc00000| Untracked 
|  98|0x000000070de00000, 0x000000070de00000, 0x000000070e000000|  0%| F|  |TAMS 0x000000070de00000, 0x000000070de00000| Untracked 
|  99|0x000000070e000000, 0x000000070e000000, 0x000000070e200000|  0%| F|  |TAMS 0x000000070e000000, 0x000000070e000000| Untracked 
| 100|0x000000070e200000, 0x000000070e200000, 0x000000070e400000|  0%| F|  |TAMS 0x000000070e200000, 0x000000070e200000| Untracked 
| 101|0x000000070e400000, 0x000000070e400000, 0x000000070e600000|  0%| F|  |TAMS 0x000000070e400000, 0x000000070e400000| Untracked 
| 102|0x000000070e600000, 0x000000070e600000, 0x000000070e800000|  0%| F|  |TAMS 0x000000070e600000, 0x000000070e600000| Untracked 
| 103|0x000000070e800000, 0x000000070e800000, 0x000000070ea00000|  0%| F|  |TAMS 0x000000070e800000, 0x000000070e800000| Untracked 
| 104|0x000000070ea00000, 0x000000070ea00000, 0x000000070ec00000|  0%| F|  |TAMS 0x000000070ea00000, 0x000000070ea00000| Untracked 
| 105|0x000000070ec00000, 0x000000070ec00000, 0x000000070ee00000|  0%| F|  |TAMS 0x000000070ec00000, 0x000000070ec00000| Untracked 
| 106|0x000000070ee00000, 0x000000070ee00000, 0x000000070f000000|  0%| F|  |TAMS 0x000000070ee00000, 0x000000070ee00000| Untracked 
| 107|0x000000070f000000, 0x000000070f000000, 0x000000070f200000|  0%| F|  |TAMS 0x000000070f000000, 0x000000070f000000| Untracked 
| 108|0x000000070f200000, 0x000000070f200000, 0x000000070f400000|  0%| F|  |TAMS 0x000000070f200000, 0x000000070f200000| Untracked 
| 109|0x000000070f400000, 0x000000070f400000, 0x000000070f600000|  0%| F|  |TAMS 0x000000070f400000, 0x000000070f400000| Untracked 
| 110|0x000000070f600000, 0x000000070f600000, 0x000000070f800000|  0%| F|  |TAMS 0x000000070f600000, 0x000000070f600000| Untracked 
| 111|0x000000070f800000, 0x000000070f800000, 0x000000070fa00000|  0%| F|  |TAMS 0x000000070f800000, 0x000000070f800000| Untracked 
| 112|0x000000070fa00000, 0x000000070fa00000, 0x000000070fc00000|  0%| F|  |TAMS 0x000000070fa00000, 0x000000070fa00000| Untracked 
| 113|0x000000070fc00000, 0x000000070fc00000, 0x000000070fe00000|  0%| F|  |TAMS 0x000000070fc00000, 0x000000070fc00000| Untracked 
| 114|0x000000070fe00000, 0x000000070fe00000, 0x0000000710000000|  0%| F|  |TAMS 0x000000070fe00000, 0x000000070fe00000| Untracked 
| 115|0x0000000710000000, 0x0000000710000000, 0x0000000710200000|  0%| F|  |TAMS 0x0000000710000000, 0x0000000710000000| Untracked 
| 116|0x0000000710200000, 0x0000000710200000, 0x0000000710400000|  0%| F|  |TAMS 0x0000000710200000, 0x0000000710200000| Untracked 
| 117|0x0000000710400000, 0x0000000710400000, 0x0000000710600000|  0%| F|  |TAMS 0x0000000710400000, 0x0000000710400000| Untracked 
| 118|0x0000000710600000, 0x0000000710600000, 0x0000000710800000|  0%| F|  |TAMS 0x0000000710600000, 0x0000000710600000| Untracked 
| 119|0x0000000710800000, 0x0000000710800000, 0x0000000710a00000|  0%| F|  |TAMS 0x0000000710800000, 0x0000000710800000| Untracked 
| 120|0x0000000710a00000, 0x0000000710a00000, 0x0000000710c00000|  0%| F|  |TAMS 0x0000000710a00000, 0x0000000710a00000| Untracked 
| 121|0x0000000710c00000, 0x0000000710c00000, 0x0000000710e00000|  0%| F|  |TAMS 0x0000000710c00000, 0x0000000710c00000| Untracked 
| 122|0x0000000710e00000, 0x0000000710f88080, 0x0000000711000000| 76%| S|CS|TAMS 0x0000000710e00000, 0x0000000710e00000| Complete 
| 123|0x0000000711000000, 0x0000000711000000, 0x0000000711200000|  0%| F|  |TAMS 0x0000000711000000, 0x0000000711000000| Untracked 
| 124|0x0000000711200000, 0x000000071139db50, 0x0000000711400000| 80%| E|  |TAMS 0x0000000711200000, 0x0000000711200000| Complete 
| 125|0x0000000711400000, 0x0000000711600000, 0x0000000711600000|100%| E|  |TAMS 0x0000000711400000, 0x0000000711400000| Complete 
| 126|0x0000000711600000, 0x0000000711800000, 0x0000000711800000|100%| E|CS|TAMS 0x0000000711600000, 0x0000000711600000| Complete 
| 127|0x0000000711800000, 0x0000000711a00000, 0x0000000711a00000|100%| E|CS|TAMS 0x0000000711800000, 0x0000000711800000| Complete 

Card table byte_map: [0x000001b0d34a0000,0x000001b0d3ca0000] _byte_map_base: 0x000001b0cfc93000

Marking Bits (Prev, Next): (CMBitMap*) 0x000001b0bbd26c00, (CMBitMap*) 0x000001b0bbd26c40
 Prev Bits: [0x000001b0d44a0000, 0x000001b0d8438000)
 Next Bits: [0x000001b0d8440000, 0x000001b0dc3d8000)

Polling page: 0x000001b0b9b60000

Metaspace:

Usage:
  Non-class:      9.00 MB used.
      Class:      1.00 MB used.
       Both:     10.00 MB used.

Virtual space:
  Non-class space:       16.00 MB reserved,       9.12 MB ( 57%) committed,  2 nodes.
      Class space:        1.00 GB reserved,       1.12 MB ( <1%) committed,  1 nodes.
             Both:        1.02 GB reserved,      10.25 MB ( <1%) committed. 

Chunk freelists:
   Non-Class:  2.16 MB
       Class:  2.70 MB
        Both:  4.87 MB

MaxMetaspaceSize: unlimited
CompressedClassSpaceSize: 1.00 GB
Initial GC threshold: 21.00 MB
Current GC threshold: 21.00 MB
CDS: on
MetaspaceReclaimPolicy: balanced
 - commit_granule_bytes: 65536.
 - commit_granule_words: 8192.
 - virtual_space_node_default_size: 1048576.
 - enlarge_chunks_in_place: 1.
 - new_chunks_are_fully_committed: 0.
 - uncommit_free_chunks: 1.
 - use_allocation_guard: 0.
 - handle_deallocations: 1.


Internal statistics:

num_allocs_failed_limit: 0.
num_arena_births: 146.
num_arena_deaths: 0.
num_vsnodes_births: 3.
num_vsnodes_deaths: 0.
num_space_committed: 164.
num_space_uncommitted: 0.
num_chunks_returned_to_freelist: 0.
num_chunks_taken_from_freelist: 326.
num_chunk_merges: 0.
num_chunk_splits: 207.
num_chunks_enlarged: 137.
num_purges: 0.
num_inconsistent_stats: 0.

CodeHeap 'non-profiled nmethods': size=120000Kb used=582Kb max_used=582Kb free=119417Kb
 bounds [0x000001b0cb220000, 0x000001b0cb490000, 0x000001b0d2750000]
CodeHeap 'profiled nmethods': size=120000Kb used=2977Kb max_used=2977Kb free=117022Kb
 bounds [0x000001b0c3cf0000, 0x000001b0c3fe0000, 0x000001b0cb220000]
CodeHeap 'non-nmethods': size=5760Kb used=1388Kb max_used=1433Kb free=4371Kb
 bounds [0x000001b0c3750000, 0x000001b0c39c0000, 0x000001b0c3cf0000]
 total_blobs=2155 nmethods=1497 adapters=571
 compilation: enabled
              stopped_count=0, restarted_count=0
 full_count=0

Compilation events (20 events):
Event: 2.950 Thread 0x000001b0b9942b10 1493       3       javazoom.jl.decoder.LayerIIIDecoder::decode (583 bytes)
Event: 2.951 Thread 0x000001b0b9942b10 nmethod 1493 0x000001b0c3fccb10 code [0x000001b0c3fccea0, 0x000001b0c3fce408]
Event: 2.955 Thread 0x000001b0b9942b10 1494 %     3       javazoom.jl.decoder.LayerIIIDecoder::dequantize_sample @ 373 (1019 bytes)
Event: 2.957 Thread 0x000001b0b9942b10 nmethod 1494% 0x000001b0c3fcef90 code [0x000001b0c3fcf380, 0x000001b0c3fd0fd8]
Event: 2.957 Thread 0x000001b0b9942b10 1495 %     3       javazoom.jl.decoder.LayerIIIDecoder::dequantize_sample @ 151 (1019 bytes)
Event: 2.959 Thread 0x000001b0b9942b10 nmethod 1495% 0x000001b0c3fd2810 code [0x000001b0c3fd2c00, 0x000001b0c3fd4a38]
Event: 2.959 Thread 0x000001b0b9942b10 1496       3       java.lang.reflect.Array::newInstance (6 bytes)
Event: 2.959 Thread 0x000001b0b9942b10 nmethod 1496 0x000001b0c3fd6210 code [0x000001b0c3fd63a0, 0x000001b0c3fd64c8]
Event: 2.962 Thread 0x000001b0b9944460 nmethod 1484 0x000001b0cb2aee90 code [0x000001b0cb2af0c0, 0x000001b0cb2b0670]
Event: 2.962 Thread 0x000001b0b9944460 1486       4       javazoom.jl.decoder.SynthesisFilter::input_samples (30 bytes)
Event: 2.964 Thread 0x000001b0b9942b10 1497       3       sun.awt.image.IntegerInterleavedRaster::getDataElements (151 bytes)
Event: 2.964 Thread 0x000001b0b9944460 nmethod 1486 0x000001b0cb2b1490 code [0x000001b0cb2b1600, 0x000001b0cb2b1798]
Event: 2.964 Thread 0x000001b0b9944460 1487       4       javazoom.jl.decoder.SynthesisFilter::calculate_pcm_samples (70 bytes)
Event: 2.965 Thread 0x000001b0b9942b10 nmethod 1497 0x000001b0c3fd6590 code [0x000001b0c3fd6780, 0x000001b0c3fd6ff8]
Event: 2.965 Thread 0x000001b0b9942b10 1498       3       sun.awt.image.IntegerInterleavedRaster::setDataElements (134 bytes)
Event: 2.965 Thread 0x000001b0b9942b10 nmethod 1498 0x000001b0c3fd7290 code [0x000001b0c3fd7480, 0x000001b0c3fd7bd8]
Event: 2.967 Thread 0x000001b0b9942b10 1501       3       java.awt.image.BufferedImage::getWidth (8 bytes)
Event: 2.967 Thread 0x000001b0b9942b10 nmethod 1501 0x000001b0c3fd7e90 code [0x000001b0c3fd8020, 0x000001b0c3fd8158]
Event: 2.968 Thread 0x000001b0b9942b10 1502       3       java.awt.image.BufferedImage::getHeight (8 bytes)
Event: 2.968 Thread 0x000001b0b9942b10 nmethod 1502 0x000001b0c3fd8210 code [0x000001b0c3fd83a0, 0x000001b0c3fd84d8]

GC Heap History (4 events):
Event: 1.684 GC heap before
{Heap before GC invocations=0 (full 0):
 garbage-first heap   total 262144K, used 10240K [0x0000000701a00000, 0x0000000800000000)
  region size 2048K, 6 young (12288K), 0 survivors (0K)
 Metaspace       used 6831K, committed 6976K, reserved 1056768K
  class space    used 660K, committed 704K, reserved 1048576K
}
Event: 1.691 GC heap after
{Heap after GC invocations=1 (full 0):
 garbage-first heap   total 262144K, used 4049K [0x0000000701a00000, 0x0000000800000000)
  region size 2048K, 1 young (2048K), 1 survivors (2048K)
 Metaspace       used 6831K, committed 6976K, reserved 1056768K
  class space    used 660K, committed 704K, reserved 1048576K
}
Event: 2.628 GC heap before
{Heap before GC invocations=1 (full 0):
 garbage-first heap   total 262144K, used 12241K [0x0000000701a00000, 0x0000000800000000)
  region size 2048K, 6 young (12288K), 1 survivors (2048K)
 Metaspace       used 9662K, committed 9920K, reserved 1064960K
  class space    used 976K, committed 1088K, reserved 1048576K
}
Event: 2.629 GC heap after
{Heap after GC invocations=2 (full 0):
 garbage-first heap   total 262144K, used 5779K [0x0000000701a00000, 0x0000000800000000)
  region size 2048K, 1 young (2048K), 1 survivors (2048K)
 Metaspace       used 9662K, committed 9920K, reserved 1064960K
  class space    used 976K, committed 1088K, reserved 1048576K
}

Deoptimization events (20 events):
Event: 2.727 Thread 0x000001b0e01e1120 DEOPT PACKING pc=0x000001b0c3f82af0 sp=0x0000006b47dfd5d0
Event: 2.727 Thread 0x000001b0e01e1120 DEOPT UNPACKING pc=0x000001b0c37a2b43 sp=0x0000006b47dfcaa8 mode 0
Event: 2.728 Thread 0x000001b0e01e1120 DEOPT PACKING pc=0x000001b0c3f82af0 sp=0x0000006b47dfd5d0
Event: 2.728 Thread 0x000001b0e01e1120 DEOPT UNPACKING pc=0x000001b0c37a2b43 sp=0x0000006b47dfcaa8 mode 0
Event: 2.729 Thread 0x000001b0e01e1120 DEOPT PACKING pc=0x000001b0c3e32df4 sp=0x0000006b47dfa1b0
Event: 2.729 Thread 0x000001b0e01e1120 DEOPT UNPACKING pc=0x000001b0c37a2b43 sp=0x0000006b47df9660 mode 1
Event: 2.771 Thread 0x000001b0e01e1120 Uncommon trap: trap_request=0xffffff45 fr.pc=0x000001b0cb29d010 relative=0x0000000000000570
Event: 2.771 Thread 0x000001b0e01e1120 Uncommon trap: reason=unstable_if action=reinterpret pc=0x000001b0cb29d010 method=sun.awt.image.ByteInterleavedRaster.putByteData(IIII[B)V @ 395 c2
Event: 2.771 Thread 0x000001b0e01e1120 DEOPT PACKING pc=0x000001b0cb29d010 sp=0x0000006b47dfd680
Event: 2.771 Thread 0x000001b0e01e1120 DEOPT UNPACKING pc=0x000001b0c37a23a3 sp=0x0000006b47dfd608 mode 2
Event: 2.778 Thread 0x000001b0e01e1120 DEOPT PACKING pc=0x000001b0c3e32df4 sp=0x0000006b47dfa1a0
Event: 2.778 Thread 0x000001b0e01e1120 DEOPT UNPACKING pc=0x000001b0c37a2b43 sp=0x0000006b47df9650 mode 1
Event: 2.779 Thread 0x000001b0e01e1120 DEOPT PACKING pc=0x000001b0c3e32df4 sp=0x0000006b47dfa1a0
Event: 2.779 Thread 0x000001b0e01e1120 DEOPT UNPACKING pc=0x000001b0c37a2b43 sp=0x0000006b47df9650 mode 1
Event: 2.830 Thread 0x000001b0e01e1120 DEOPT PACKING pc=0x000001b0c3e32df4 sp=0x0000006b47dfa140
Event: 2.830 Thread 0x000001b0e01e1120 DEOPT UNPACKING pc=0x000001b0c37a2b43 sp=0x0000006b47df95f0 mode 1
Event: 2.932 Thread 0x000001b0e01e32d0 Uncommon trap: trap_request=0xffffff45 fr.pc=0x000001b0cb2ad4f8 relative=0x00000000000000f8
Event: 2.932 Thread 0x000001b0e01e32d0 Uncommon trap: reason=unstable_if action=reinterpret pc=0x000001b0cb2ad4f8 method=javazoom.jl.decoder.BitReserve.hgetbits(I)I @ 22 c2
Event: 2.932 Thread 0x000001b0e01e32d0 DEOPT PACKING pc=0x000001b0cb2ad4f8 sp=0x0000006b481ff420
Event: 2.932 Thread 0x000001b0e01e32d0 DEOPT UNPACKING pc=0x000001b0c37a23a3 sp=0x0000006b481ff3b8 mode 2

Classes unloaded (0 events):
No events

Classes redefined (0 events):
No events

Internal exceptions (18 events):
Event: 0.465 Thread 0x000001b0bbcb9960 Exception <a 'java/lang/ClassNotFoundException'{0x00000007116d1fd0}: sun/awt/resources/spi/awtProvider> (0x00000007116d1fd0) 
thrown [s\src\hotspot\share\classfile\systemDictionary.cpp, line 256]
Event: 0.495 Thread 0x000001b0bbcb9960 Exception <a 'java/io/FileNotFoundException'{0x000000071172c6d0}> (0x000000071172c6d0) 
thrown [s\src\hotspot\share\prims\jni.cpp, line 516]
Event: 0.504 Thread 0x000001b0bbcb9960 Exception <a 'java/io/FileNotFoundException'{0x0000000711759870}> (0x0000000711759870) 
thrown [s\src\hotspot\share\prims\jni.cpp, line 516]
Event: 0.566 Thread 0x000001b0bbcb9960 Exception <a 'java/lang/NoSuchMethodError'{0x000000071141ae78}: 'java.lang.Object java.lang.invoke.DirectMethodHandle$Holder.invokeStaticInit(java.lang.Object)'> (0x000000071141ae78) 
thrown [s\src\hotspot\share\interpreter\linkResolver.cpp, line 759]
Event: 1.182 Thread 0x000001b0e02094d0 Exception <a 'java/lang/NoSuchMethodError'{0x00000007115b5960}: 'void java.lang.invoke.DirectMethodHandle$Holder.invokeStatic(java.lang.Object, java.lang.Object)'> (0x00000007115b5960) 
thrown [s\src\hotspot\share\interpreter\linkResolver.cpp, line 759]
Event: 1.236 Thread 0x000001b0e03cb770 Exception <a 'java/lang/ClassNotFoundException'{0x00000007113912c0}: sun/net/www/protocol/c/Handler> (0x00000007113912c0) 
thrown [s\src\hotspot\share\classfile\systemDictionary.cpp, line 256]
Event: 1.273 Thread 0x000001b0e03cb770 Exception <a 'java/lang/NoSuchMethodError'{0x00000007113f2d40}: 'java.lang.Object java.lang.invoke.DirectMethodHandle$Holder.invokeStaticInit(java.lang.Object, int, int, int, int)'> (0x00000007113f2d40) 
thrown [s\src\hotspot\share\interpreter\linkResolver.cpp, line 759]
Event: 1.376 Thread 0x000001b0e03cb770 Exception <a 'java/lang/NoSuchMethodError'{0x00000007110c2b28}: 'java.lang.Object java.lang.invoke.DirectMethodHandle$Holder.invokeStaticInit(java.lang.Object, java.lang.Object, int, int, int, int)'> (0x00000007110c2b28) 
thrown [s\src\hotspot\share\interpreter\linkResolver.cpp, line 759]
Event: 1.542 Thread 0x000001b0e5c23e60 Exception <a 'java/lang/NoSuchMethodError'{0x00000007111baec8}: 'void java.lang.invoke.DirectMethodHandle$Holder.invokeSpecial(java.lang.Object, java.lang.Object, java.lang.Object)'> (0x00000007111baec8) 
thrown [s\src\hotspot\share\interpreter\linkResolver.cpp, line 759]
Event: 1.544 Thread 0x000001b0e5c23e60 Exception <a 'java/lang/NoSuchMethodError'{0x00000007111c6378}: 'void java.lang.invoke.DirectMethodHandle$Holder.invokeStatic(java.lang.Object, java.lang.Object, java.lang.Object)'> (0x00000007111c6378) 
thrown [s\src\hotspot\share\interpreter\linkResolver.cpp, line 759]
Event: 1.590 Thread 0x000001b0e5c4b800 Exception <a 'java/lang/ClassNotFoundException'{0x0000000710ebffa8}: sun/util/logging/resources/spi/loggingProvider> (0x0000000710ebffa8) 
thrown [s\src\hotspot\share\classfile\systemDictionary.cpp, line 256]
Event: 2.024 Thread 0x000001b0e5c4b800 Exception <a 'java/lang/NoSuchMethodError'{0x00000007117ff1d0}: 'int java.lang.invoke.DirectMethodHandle$Holder.invokeStaticInit(java.lang.Object, java.lang.Object, java.lang.Object)'> (0x00000007117ff1d0) 
thrown [s\src\hotspot\share\interpreter\linkResolver.cpp, line 759]
Event: 2.057 Thread 0x000001b0e5c4b800 Exception <a 'java/lang/NoSuchMethodError'{0x000000071149d2e8}: 'java.lang.Object java.lang.invoke.DirectMethodHandle$Holder.newInvokeSpecial(java.lang.Object, java.lang.Object, int, java.lang.Object)'> (0x000000071149d2e8) 
thrown [s\src\hotspot\share\interpreter\linkResolver.cpp, line 759]
Event: 2.058 Thread 0x000001b0e5c4b800 Exception <a 'java/lang/NoSuchMethodError'{0x00000007114a1420}: 'java.lang.Object java.lang.invoke.DirectMethodHandle$Holder.invokeSpecial(java.lang.Object, java.lang.Object, java.lang.Object, int, java.lang.Object)'> (0x00000007114a1420) 
thrown [s\src\hotspot\share\interpreter\linkResolver.cpp, line 759]
Event: 2.132 Thread 0x000001b0e01dfde0 Exception <a 'java/lang/NoSuchMethodError'{0x000000071128d5d8}: 'void java.lang.invoke.DirectMethodHandle$Holder.invokeStaticInit(java.lang.Object)'> (0x000000071128d5d8) 
thrown [s\src\hotspot\share\interpreter\linkResolver.cpp, line 759]
Event: 2.143 Thread 0x000001b0e5c23e60 Exception <a 'java/lang/NoSuchMethodError'{0x00000007112cca30}: 'java.lang.Object java.lang.invoke.Invokers$Holder.invoke_MT(java.lang.Object, java.lang.Object, java.lang.Object)'> (0x00000007112cca30) 
thrown [s\src\hotspot\share\interpreter\linkResolver.cpp, line 759]
Event: 2.212 Thread 0x000001b0e5c23e60 Implicit null exception at 0x000001b0cb260f77 to 0x000001b0cb261588
Event: 2.212 Thread 0x000001b0e5c23e60 Implicit null exception at 0x000001b0cb2564f7 to 0x000001b0cb256b04

VM Operations (20 events):
Event: 2.038 Executing VM operation: HandshakeAllThreads done
Event: 2.147 Executing VM operation: HandshakeAllThreads
Event: 2.147 Executing VM operation: HandshakeAllThreads done
Event: 2.200 Executing VM operation: HandshakeAllThreads
Event: 2.200 Executing VM operation: HandshakeAllThreads done
Event: 2.498 Executing VM operation: HandshakeAllThreads
Event: 2.498 Executing VM operation: HandshakeAllThreads done
Event: 2.628 Executing VM operation: G1CollectForAllocation
Event: 2.629 Executing VM operation: G1CollectForAllocation done
Event: 2.630 Executing VM operation: Cleanup
Event: 2.630 Executing VM operation: Cleanup done
Event: 2.905 Executing VM operation: get/set locals
Event: 2.905 Executing VM operation: get/set locals done
Event: 2.914 Executing VM operation: HandshakeAllThreads
Event: 2.914 Executing VM operation: HandshakeAllThreads done
Event: 2.923 Executing VM operation: get/set locals
Event: 2.924 Executing VM operation: get/set locals done
Event: 2.925 Executing VM operation: get/set locals
Event: 2.925 Executing VM operation: get/set locals done
Event: 2.968 Executing VM operation: G1CollectFull

Events (20 events):
Event: 2.914 loading class java/io/ObjectStreamClass$Caches$2
Event: 2.914 loading class java/io/ObjectStreamClass$Caches$2 done
Event: 2.914 loading class java/lang/reflect/Proxy
Event: 2.914 loading class java/lang/reflect/Proxy done
Event: 2.914 loading class java/lang/reflect/InvocationHandler
Event: 2.914 loading class java/lang/reflect/InvocationHandler done
Event: 2.914 loading class java/lang/reflect/Proxy$1
Event: 2.914 loading class java/lang/reflect/Proxy$1 done
Event: 2.914 loading class java/io/ObjectStreamClass$2
Event: 2.914 loading class java/io/ObjectStreamClass$2 done
Event: 2.914 loading class java/io/ClassCache$CacheRef
Event: 2.914 loading class java/io/ClassCache$CacheRef done
Event: 2.914 loading class java/io/ObjectStreamClass$FieldReflectorKey
Event: 2.914 loading class java/io/ObjectStreamClass$FieldReflectorKey done
Event: 2.914 loading class java/io/ObjectStreamClass$FieldReflector
Event: 2.915 loading class java/io/ObjectStreamClass$FieldReflector done
Event: 2.915 loading class java/io/ObjectStreamClass$ExceptionInfo
Event: 2.915 loading class java/io/ObjectStreamClass$ExceptionInfo done
Event: 2.955 loading class java/util/LinkedList$ListItr
Event: 2.955 loading class java/util/LinkedList$ListItr done


Dynamic libraries:
0x00007ff7bf250000 - 0x00007ff7bf25e000 	C:\Program Files\Greenfoot\jdk\bin\java.exe
0x00007ffe53130000 - 0x00007ffe53347000 	C:\WINDOWS\SYSTEM32\ntdll.dll
0x00007ffe52420000 - 0x00007ffe524e4000 	C:\WINDOWS\System32\KERNEL32.DLL
0x00007ffe50780000 - 0x00007ffe50b27000 	C:\WINDOWS\System32\KERNELBASE.dll
0x00007ffe50c50000 - 0x00007ffe50d61000 	C:\WINDOWS\System32\ucrtbase.dll
0x00007ffe4a5a0000 - 0x00007ffe4a5b8000 	C:\Program Files\Greenfoot\jdk\bin\jli.dll
0x00007ffe51750000 - 0x00007ffe518fe000 	C:\WINDOWS\System32\USER32.dll
0x00007ffe50450000 - 0x00007ffe50476000 	C:\WINDOWS\System32\win32u.dll
0x00007ffe52f30000 - 0x00007ffe52f59000 	C:\WINDOWS\System32\GDI32.dll
0x00007ffe50b30000 - 0x00007ffe50c49000 	C:\WINDOWS\System32\gdi32full.dll
0x00007ffe504f0000 - 0x00007ffe5058a000 	C:\WINDOWS\System32\msvcp_win.dll
0x00007ffe48200000 - 0x00007ffe48219000 	C:\Program Files\Greenfoot\jdk\bin\VCRUNTIME140.dll
0x00007ffe41360000 - 0x00007ffe415f3000 	C:\WINDOWS\WinSxS\amd64_microsoft.windows.common-controls_6595b64144ccf1df_6.0.22621.3527_none_270e469b73872a76\COMCTL32.dll
0x00007ffe52300000 - 0x00007ffe523a7000 	C:\WINDOWS\System32\msvcrt.dll
0x00007ffe51cd0000 - 0x00007ffe51d01000 	C:\WINDOWS\System32\IMM32.DLL
0x00007ffe32390000 - 0x00007ffe324a6000 	C:\Program Files\Topaz OFD\Warsaw\wslbscr64.dll
0x00007ffe51c10000 - 0x00007ffe51cc2000 	C:\WINDOWS\System32\ADVAPI32.dll
0x00007ffe52e80000 - 0x00007ffe52f28000 	C:\WINDOWS\System32\sechost.dll
0x00007ffe50e30000 - 0x00007ffe50e58000 	C:\WINDOWS\System32\bcrypt.dll
0x00007ffe51980000 - 0x00007ffe51a95000 	C:\WINDOWS\System32\RPCRT4.dll
0x00007ffe50e60000 - 0x00007ffe516bc000 	C:\WINDOWS\System32\SHELL32.dll
0x00007ffe4f540000 - 0x00007ffe4f574000 	C:\WINDOWS\SYSTEM32\ntmarta.dll
0x00007ffe32990000 - 0x00007ffe32a85000 	C:\Program Files\Topaz OFD\Warsaw\wslbscrwh64.dll
0x00007ffe4d670000 - 0x00007ffe4d67c000 	C:\Program Files\Greenfoot\jdk\bin\vcruntime140_1.dll
0x00007ffe336a0000 - 0x00007ffe33731000 	C:\Program Files\Greenfoot\jdk\bin\msvcp140.dll
0x00007ffdad5b0000 - 0x00007ffdae1f6000 	C:\Program Files\Greenfoot\jdk\bin\server\jvm.dll
0x00007ffe523b0000 - 0x00007ffe523b8000 	C:\WINDOWS\System32\PSAPI.DLL
0x00007ffe434e0000 - 0x00007ffe434e9000 	C:\WINDOWS\SYSTEM32\WSOCK32.dll
0x000001b0b9ae0000 - 0x000001b0b9b51000 	C:\WINDOWS\System32\WS2_32.dll
0x00007ffe379e0000 - 0x00007ffe37a14000 	C:\WINDOWS\SYSTEM32\WINMM.dll
0x00007ffe49bc0000 - 0x00007ffe49bca000 	C:\WINDOWS\SYSTEM32\VERSION.dll
0x00007ffe4f520000 - 0x00007ffe4f538000 	C:\WINDOWS\SYSTEM32\kernel.appcore.dll
0x00007ffe4b6e0000 - 0x00007ffe4b6ea000 	C:\Program Files\Greenfoot\jdk\bin\jimage.dll
0x00007ffe4a7e0000 - 0x00007ffe4aa12000 	C:\WINDOWS\SYSTEM32\DBGHELP.DLL
0x00007ffe52550000 - 0x00007ffe528d8000 	C:\WINDOWS\System32\combase.dll
0x000001b0bb360000 - 0x000001b0bb437000 	C:\WINDOWS\System32\OLEAUT32.dll
0x00007ffe490e0000 - 0x00007ffe49112000 	C:\WINDOWS\SYSTEM32\dbgcore.DLL
0x00007ffe50700000 - 0x00007ffe50779000 	C:\WINDOWS\System32\bcryptPrimitives.dll
0x00007ffe381c0000 - 0x00007ffe381fb000 	C:\Program Files\Greenfoot\jdk\bin\jdwp.dll
0x00007ffe40510000 - 0x00007ffe40535000 	C:\Program Files\Greenfoot\jdk\bin\java.dll
0x00007ffe335c0000 - 0x00007ffe33696000 	C:\Program Files\Greenfoot\jdk\bin\jsvml.dll
0x00007ffe4e340000 - 0x00007ffe4ec36000 	C:\WINDOWS\SYSTEM32\windows.storage.dll
0x00007ffe4e200000 - 0x00007ffe4e33e000 	C:\WINDOWS\SYSTEM32\wintypes.dll
0x000001b0df590000 - 0x000001b0df685000 	C:\WINDOWS\System32\SHCORE.dll
0x00007ffe524f0000 - 0x00007ffe5254e000 	C:\WINDOWS\System32\shlwapi.dll
0x00007ffe50380000 - 0x00007ffe503a1000 	C:\WINDOWS\SYSTEM32\profapi.dll
0x00007ffe48450000 - 0x00007ffe4845b000 	C:\Program Files\Greenfoot\jdk\bin\dt_shmem.dll
0x00007ffe44d90000 - 0x00007ffe44da9000 	C:\Program Files\Greenfoot\jdk\bin\net.dll
0x00007ffe4b550000 - 0x00007ffe4b686000 	C:\WINDOWS\SYSTEM32\WINHTTP.dll
0x00007ffe4f980000 - 0x00007ffe4f9e9000 	C:\WINDOWS\system32\mswsock.dll
0x00007ffe44780000 - 0x00007ffe44795000 	C:\Program Files\Greenfoot\jdk\bin\nio.dll
0x00007ffe40af0000 - 0x00007ffe40b08000 	C:\Program Files\Greenfoot\jdk\bin\zip.dll
0x00007ffe14200000 - 0x00007ffe1438e000 	C:\Program Files\Greenfoot\jdk\bin\awt.dll
0x00007ffe4d300000 - 0x00007ffe4d397000 	C:\WINDOWS\SYSTEM32\apphelp.dll
0x00007ffe4d980000 - 0x00007ffe4da2b000 	C:\WINDOWS\system32\uxtheme.dll
0x000001b0e0850000 - 0x000001b0e09a3000 	C:\WINDOWS\System32\MSCTF.dll
0x00007ffe52140000 - 0x00007ffe522e5000 	C:\WINDOWS\System32\ole32.dll
0x00007ffe4fcd0000 - 0x00007ffe4fceb000 	C:\WINDOWS\SYSTEM32\CRYPTSP.dll
0x00007ffe4f480000 - 0x00007ffe4f4b5000 	C:\WINDOWS\system32\rsaenh.dll
0x00007ffe4fa20000 - 0x00007ffe4fa48000 	C:\WINDOWS\SYSTEM32\USERENV.dll
0x00007ffe4fcb0000 - 0x00007ffe4fcbc000 	C:\WINDOWS\SYSTEM32\CRYPTBASE.dll
0x00007ffe4eee0000 - 0x00007ffe4ef0d000 	C:\WINDOWS\SYSTEM32\IPHLPAPI.DLL
0x00007ffe516c0000 - 0x00007ffe516c9000 	C:\WINDOWS\System32\NSI.dll
0x00007ffe4b720000 - 0x00007ffe4b739000 	C:\WINDOWS\SYSTEM32\dhcpcsvc6.DLL
0x00007ffe4b530000 - 0x00007ffe4b54f000 	C:\WINDOWS\SYSTEM32\dhcpcsvc.DLL
0x00007ffe4ef10000 - 0x00007ffe4f008000 	C:\WINDOWS\SYSTEM32\DNSAPI.dll
0x00007ffe4dd90000 - 0x00007ffe4ddbb000 	C:\WINDOWS\system32\DWMAPI.DLL
0x00007ffe2d4f0000 - 0x00007ffe2d5f0000 	C:\WINDOWS\system32\opengl32.dll
0x00007ffe2d4c0000 - 0x00007ffe2d4ed000 	C:\WINDOWS\SYSTEM32\GLU32.dll
0x00007ffe4db50000 - 0x00007ffe4db89000 	C:\WINDOWS\SYSTEM32\dxcore.dll
0x00007ffe35150000 - 0x00007ffe352f9000 	C:\WINDOWS\system32\d3d9.dll
0x00007ffe37820000 - 0x00007ffe379db000 	C:\WINDOWS\System32\DriverStore\FileRepository\u0399660.inf_amd64_d7fa3539ce499e50\B399655\aticfx64.dll
0x00007ffe139c0000 - 0x00007ffe139f4000 	C:\WINDOWS\System32\DriverStore\FileRepository\u0399660.inf_amd64_d7fa3539ce499e50\B399655\atiu9p64.dll
0x00007ffdfd3f0000 - 0x00007ffdfe137000 	C:\WINDOWS\System32\DriverStore\FileRepository\u0399660.inf_amd64_d7fa3539ce499e50\B399655\atiumd64.dll
0x00000000681f0000 - 0x0000000069103000 	C:\WINDOWS\System32\DriverStore\FileRepository\u0399660.inf_amd64_d7fa3539ce499e50\B399655\atiumd6a.dll
0x00007ffe52a00000 - 0x00007ffe52e74000 	C:\WINDOWS\System32\SETUPAPI.dll
0x00007ffe4f290000 - 0x00007ffe4f2dd000 	C:\WINDOWS\SYSTEM32\POWRPROF.dll
0x00007ffe4f270000 - 0x00007ffe4f283000 	C:\WINDOWS\SYSTEM32\UMPDC.dll
0x00007ffe3b860000 - 0x00007ffe3b895000 	C:\WINDOWS\SYSTEM32\amdihk64.dll
0x00007ffe497e0000 - 0x00007ffe4982a000 	C:\WINDOWS\SYSTEM32\directxdatabasehelper.dll
0x000001b0e1830000 - 0x000001b0e1833000 	C:\Users\danil\.openjfx\cache\20.0.1+2\amd64\api-ms-win-core-console-l1-1-0.dll
0x000001b0e1840000 - 0x000001b0e1843000 	C:\Users\danil\.openjfx\cache\20.0.1+2\amd64\api-ms-win-core-console-l1-2-0.dll
0x000001b0e1850000 - 0x000001b0e1853000 	C:\Users\danil\.openjfx\cache\20.0.1+2\amd64\api-ms-win-core-datetime-l1-1-0.dll
0x000001b0e1970000 - 0x000001b0e1973000 	C:\Users\danil\.openjfx\cache\20.0.1+2\amd64\api-ms-win-core-debug-l1-1-0.dll
0x000001b0e1980000 - 0x000001b0e1983000 	C:\Users\danil\.openjfx\cache\20.0.1+2\amd64\api-ms-win-core-errorhandling-l1-1-0.dll
0x000001b0e6be0000 - 0x000001b0e6be4000 	C:\Users\danil\.openjfx\cache\20.0.1+2\amd64\api-ms-win-core-file-l1-1-0.dll
0x000001b0e6bf0000 - 0x000001b0e6bf3000 	C:\Users\danil\.openjfx\cache\20.0.1+2\amd64\api-ms-win-core-file-l1-2-0.dll
0x000001b0e6c00000 - 0x000001b0e6c03000 	C:\Users\danil\.openjfx\cache\20.0.1+2\amd64\api-ms-win-core-file-l2-1-0.dll
0x000001b0e6c10000 - 0x000001b0e6c13000 	C:\Users\danil\.openjfx\cache\20.0.1+2\amd64\api-ms-win-core-handle-l1-1-0.dll
0x000001b0e6c20000 - 0x000001b0e6c23000 	C:\Users\danil\.openjfx\cache\20.0.1+2\amd64\api-ms-win-core-heap-l1-1-0.dll
0x000001b0e6c30000 - 0x000001b0e6c33000 	C:\Users\danil\.openjfx\cache\20.0.1+2\amd64\api-ms-win-core-interlocked-l1-1-0.dll
0x000001b0e6c40000 - 0x000001b0e6c43000 	C:\Users\danil\.openjfx\cache\20.0.1+2\amd64\api-ms-win-core-libraryloader-l1-1-0.dll
0x000001b0e6c50000 - 0x000001b0e6c53000 	C:\Users\danil\.openjfx\cache\20.0.1+2\amd64\api-ms-win-core-localization-l1-2-0.dll
0x000001b0e6c60000 - 0x000001b0e6c63000 	C:\Users\danil\.openjfx\cache\20.0.1+2\amd64\api-ms-win-core-memory-l1-1-0.dll
0x000001b0e6c70000 - 0x000001b0e6c73000 	C:\Users\danil\.openjfx\cache\20.0.1+2\amd64\api-ms-win-core-namedpipe-l1-1-0.dll
0x000001b0e6c80000 - 0x000001b0e6c83000 	C:\Users\danil\.openjfx\cache\20.0.1+2\amd64\api-ms-win-core-processenvironment-l1-1-0.dll
0x000001b0e6c90000 - 0x000001b0e6c93000 	C:\Users\danil\.openjfx\cache\20.0.1+2\amd64\api-ms-win-core-processthreads-l1-1-0.dll
0x000001b0e6ca0000 - 0x000001b0e6ca3000 	C:\Users\danil\.openjfx\cache\20.0.1+2\amd64\api-ms-win-core-processthreads-l1-1-1.dll
0x000001b0e6cb0000 - 0x000001b0e6cb3000 	C:\Users\danil\.openjfx\cache\20.0.1+2\amd64\api-ms-win-core-profile-l1-1-0.dll
0x000001b0e6cc0000 - 0x000001b0e6cc3000 	C:\Users\danil\.openjfx\cache\20.0.1+2\amd64\api-ms-win-core-rtlsupport-l1-1-0.dll
0x000001b0e6cd0000 - 0x000001b0e6cd3000 	C:\Users\danil\.openjfx\cache\20.0.1+2\amd64\api-ms-win-core-string-l1-1-0.dll
0x000001b0e6ce0000 - 0x000001b0e6ce3000 	C:\Users\danil\.openjfx\cache\20.0.1+2\amd64\api-ms-win-core-synch-l1-1-0.dll
0x000001b0e6cf0000 - 0x000001b0e6cf3000 	C:\Users\danil\.openjfx\cache\20.0.1+2\amd64\api-ms-win-core-synch-l1-2-0.dll
0x000001b0e6d00000 - 0x000001b0e6d03000 	C:\Users\danil\.openjfx\cache\20.0.1+2\amd64\api-ms-win-core-sysinfo-l1-1-0.dll
0x000001b0e6d10000 - 0x000001b0e6d13000 	C:\Users\danil\.openjfx\cache\20.0.1+2\amd64\api-ms-win-core-timezone-l1-1-0.dll
0x000001b0e6d20000 - 0x000001b0e6d23000 	C:\Users\danil\.openjfx\cache\20.0.1+2\amd64\api-ms-win-core-util-l1-1-0.dll
0x000001b0e6d30000 - 0x000001b0e6d33000 	C:\Users\danil\.openjfx\cache\20.0.1+2\amd64\api-ms-win-crt-conio-l1-1-0.dll
0x000001b0e6d40000 - 0x000001b0e6d44000 	C:\Users\danil\.openjfx\cache\20.0.1+2\amd64\api-ms-win-crt-convert-l1-1-0.dll
0x000001b0e6d50000 - 0x000001b0e6d53000 	C:\Users\danil\.openjfx\cache\20.0.1+2\amd64\api-ms-win-crt-environment-l1-1-0.dll
0x000001b0e6d60000 - 0x000001b0e6d63000 	C:\Users\danil\.openjfx\cache\20.0.1+2\amd64\api-ms-win-crt-filesystem-l1-1-0.dll
0x000001b0e6d70000 - 0x000001b0e6d73000 	C:\Users\danil\.openjfx\cache\20.0.1+2\amd64\api-ms-win-crt-heap-l1-1-0.dll
0x000001b0e6d80000 - 0x000001b0e6d83000 	C:\Users\danil\.openjfx\cache\20.0.1+2\amd64\api-ms-win-crt-locale-l1-1-0.dll
0x000001b0e6d90000 - 0x000001b0e6d95000 	C:\Users\danil\.openjfx\cache\20.0.1+2\amd64\api-ms-win-crt-math-l1-1-0.dll
0x000001b0e6da0000 - 0x000001b0e6da5000 	C:\Users\danil\.openjfx\cache\20.0.1+2\amd64\api-ms-win-crt-multibyte-l1-1-0.dll
0x000001b0e6db0000 - 0x000001b0e6dc0000 	C:\Users\danil\.openjfx\cache\20.0.1+2\amd64\api-ms-win-crt-private-l1-1-0.dll
0x000001b0e6dc0000 - 0x000001b0e6dc3000 	C:\Users\danil\.openjfx\cache\20.0.1+2\amd64\api-ms-win-crt-process-l1-1-0.dll
0x000001b0e6dd0000 - 0x000001b0e6dd4000 	C:\Users\danil\.openjfx\cache\20.0.1+2\amd64\api-ms-win-crt-runtime-l1-1-0.dll
0x000001b0e6de0000 - 0x000001b0e6de4000 	C:\Users\danil\.openjfx\cache\20.0.1+2\amd64\api-ms-win-crt-stdio-l1-1-0.dll
0x000001b0e6df0000 - 0x000001b0e6df4000 	C:\Users\danil\.openjfx\cache\20.0.1+2\amd64\api-ms-win-crt-string-l1-1-0.dll
0x000001b0e6e00000 - 0x000001b0e6e03000 	C:\Users\danil\.openjfx\cache\20.0.1+2\amd64\api-ms-win-crt-time-l1-1-0.dll
0x000001b0e6e10000 - 0x000001b0e6e13000 	C:\Users\danil\.openjfx\cache\20.0.1+2\amd64\api-ms-win-crt-utility-l1-1-0.dll
0x00007ffe334c0000 - 0x00007ffe335bc000 	C:\Users\danil\.openjfx\cache\20.0.1+2\amd64\ucrtbase.dll
0x00007ffe3f3a0000 - 0x00007ffe3f3bb000 	C:\Users\danil\.openjfx\cache\20.0.1+2\amd64\vcruntime140.dll
0x00007ffe4a410000 - 0x00007ffe4a41c000 	C:\Users\danil\.openjfx\cache\20.0.1+2\amd64\vcruntime140_1.dll
0x00007ffe33300000 - 0x00007ffe3338e000 	C:\Users\danil\.openjfx\cache\20.0.1+2\amd64\msvcp140.dll
0x00007ffe493a0000 - 0x00007ffe493a9000 	C:\Users\danil\.openjfx\cache\20.0.1+2\amd64\msvcp140_1.dll
0x00007ffe3f340000 - 0x00007ffe3f370000 	C:\Users\danil\.openjfx\cache\20.0.1+2\amd64\msvcp140_2.dll
0x00007ffe3e390000 - 0x00007ffe3e3bf000 	C:\Users\danil\.openjfx\cache\20.0.1+2\amd64\prism_d3d.dll

dbghelp: loaded successfully - version: 4.0.5 - missing functions: none
symbol engine: initialized successfully - sym options: 0x614 - pdb path: .;C:\Program Files\Greenfoot\jdk\bin;C:\WINDOWS\SYSTEM32;C:\WINDOWS\WinSxS\amd64_microsoft.windows.common-controls_6595b64144ccf1df_6.0.22621.3527_none_270e469b73872a76;C:\Program Files\Topaz OFD\Warsaw;C:\Program Files\Greenfoot\jdk\bin\server;C:\WINDOWS\System32\DriverStore\FileRepository\u0399660.inf_amd64_d7fa3539ce499e50\B399655;C:\Users\danil\.openjfx\cache\20.0.1+2\amd64

VM Arguments:
jvm_args: -XX:MaxGCPauseMillis=50 -agentlib:jdwp=transport=dt_shmem,address=javadebug -Dfile.encoding=UTF-8 
java_command: bluej.runtime.ExecServer UTF-8
java_class_path (initial): C:\Program Files\Greenfoot\lib\greenfoot.jar;C:\Program Files\Greenfoot\lib\javafx-base-20.0.1-win.jar;C:\Program Files\Greenfoot\lib\javafx-base-20.0.1.jar;C:\Program Files\Greenfoot\lib\javafx-controls-20.0.1-win.jar;C:\Program Files\Greenfoot\lib\javafx-controls-20.0.1.jar;C:\Program Files\Greenfoot\lib\javafx-fxml-20.0.1-win.jar;C:\Program Files\Greenfoot\lib\javafx-graphics-20.0.1-win.jar;C:\Program Files\Greenfoot\lib\javafx-graphics-20.0.1.jar;C:\Program Files\Greenfoot\lib\javafx-media-20.0.1-win.jar;C:\Program Files\Greenfoot\lib\javafx-media-20.0.1.jar;C:\Program Files\Greenfoot\lib\javafx-swing-20.0.1-win.jar;C:\Program Files\Greenfoot\lib\javafx-web-20.0.1-win.jar;C:\Program Files\Greenfoot\lib\junit-4.12.jar;C:\Program Files\Greenfoot\lib\junit-jupiter-5.5.2.jar;C:\Program Files\Greenfoot\lib\junit-jupiter-api-5.5.2.jar;C:\Program Files\Greenfoot\lib\junit-jupiter-engine-5.5.2.jar;C:\Program Files\Greenfoot\lib\junit-jupiter-params-5.5.2.jar;C:\Program Files\Greenfoot\lib\junit-platform-commons-1.5.2.jar;C:\Program Files\Greenfoot\lib\junit-platform-engine-1.5.2.jar;C:\Program Files\Greenfoot\lib\junit-platform-launcher-1.5.2.jar;C:\Program Files\Greenfoot\lib\junit-platform-suite-api-1.5.2.jar;C:\Program Files\Greenfoot\lib\junit-vintage-engine-5.5.2.jar;C:\Program Files\Greenfoot\lib\hamcrest-core-1.3.jar;C:\Program Files\Greenfoot\lib\opentest4j-1.2.0.jar;C:\Program Files\Greenfoot\lib\bluej.jar;C:\Program Files\Greenfoot\lib\classgraph-4.8.90.jar;C:\Program Files\Greenfoot\lib\diffutils-1.2.1.jar;C:\Program Files\Greenfoot\lib\commons-logging-1.2.jar;C:\Program Files\Greenfoot\lib\jl1.0.1.jar;C:\Program Files\Greenfoot\lib\opencsv-2.3.jar;C:\Program Files\Greenfoot\lib\opencsv-2.4.jar;C:\Program Files\Greenfoot\lib\xom-1.3.7.jar;C:\Program Files\Greenfoot\lib\lang-stride.jar;C:\Program Files\Greenfoot\lib\nsmenufx-2.1.8.jar;C:\Program Files\Greenfoot\lib\wellbehavedfx-0.3.3.jar;C:\Program Files\Greenfoot\lib\guava-17.0.j
Launcher Type: SUN_STANDARD

[Global flags]
     intx CICompilerCount                          = 4                                         {product} {ergonomic}
     uint ConcGCThreads                            = 3                                         {product} {ergonomic}
     uint G1ConcRefinementThreads                  = 10                                        {product} {ergonomic}
   size_t G1HeapRegionSize                         = 2097152                                   {product} {ergonomic}
    uintx GCDrainStackTargetSize                   = 64                                        {product} {ergonomic}
   size_t InitialHeapSize                          = 268435456                                 {product} {ergonomic}
   size_t MarkStackSize                            = 4194304                                   {product} {ergonomic}
    uintx MaxGCPauseMillis                         = 50                                        {product} {command line}
   size_t MaxHeapSize                              = 4267704320                                {product} {ergonomic}
   size_t MaxNewSize                               = 2560622592                                {product} {ergonomic}
   size_t MinHeapDeltaBytes                        = 2097152                                   {product} {ergonomic}
   size_t MinHeapSize                              = 8388608                                   {product} {ergonomic}
    uintx NonNMethodCodeHeapSize                   = 5839372                                {pd product} {ergonomic}
    uintx NonProfiledCodeHeapSize                  = 122909434                              {pd product} {ergonomic}
    uintx ProfiledCodeHeapSize                     = 122909434                              {pd product} {ergonomic}
    uintx ReservedCodeCacheSize                    = 251658240                              {pd product} {ergonomic}
     bool SegmentedCodeCache                       = true                                      {product} {ergonomic}
   size_t SoftMaxHeapSize                          = 4267704320                             {manageable} {ergonomic}
     bool UseCompressedClassPointers               = true                           {product lp64_product} {ergonomic}
     bool UseCompressedOops                        = true                           {product lp64_product} {ergonomic}
     bool UseG1GC                                  = true                                      {product} {ergonomic}
     bool UseLargePagesIndividualAllocation        = false                                  {pd product} {ergonomic}

Logging:
Log output configuration:
 #0: stdout all=warning uptime,level,tags
 #1: stderr all=off uptime,level,tags

Environment Variables:
PATH=C:\Program Files\Common Files\Oracle\Java\javapath;C:\Program Files (x86)\NVIDIA Corporation\PhysX\Common;C:\Program Files\Microsoft\jdk-11.0.16.101-hotspot\bin;C:\WINDOWS\system32;C:\WINDOWS;C:\WINDOWS\System32\Wbem;C:\WINDOWS\System32\WindowsPowerShell\v1.0\;C:\WINDOWS\System32\OpenSSH\;C:\Program Files (x86)\Microsoft SQL Server\160\Tools\Binn\;C:\Program Files\Microsoft SQL Server\160\Tools\Binn\;C:\Program Files\Microsoft SQL Server\Client SDK\ODBC\170\Tools\Binn\;C:\Program Files\Microsoft SQL Server\160\DTS\Binn\;C:\Program Files\Microsoft SQL Server\150\Tools\Binn\;C:\Program Files\dotnet\;C:\Program Files (x86)\Microsoft SQL Server\160\DTS\Binn\;C:\Program Files\Git\cmd;C:\Users\danil\AppData\Local\Microsoft\WindowsApps;C:\Users\danil\AppData\Local\Programs\Microsoft VS Code\bin;C:\Users\danil\.dotnet\tools;C:\Program Files\Azure Data Studio\bin;C:\Users\danil\AppData\Local\GitHubDesktop\bin
USERNAME=danil
OS=Windows_NT
PROCESSOR_IDENTIFIER=AMD64 Family 25 Model 80 Stepping 0, AuthenticAMD
TMP=C:\Users\danil\AppData\Local\Temp
TEMP=C:\Users\danil\AppData\Local\Temp



---------------  S Y S T E M  ---------------

OS:
 Windows 11 , 64 bit Build 22621 (10.0.22621.3527)
OS uptime: 9 days 19:45 hours
Hyper-V role detected

CPU: total 12 (initial active 12) (12 cores per cpu, 2 threads per core) family 25 model 80 stepping 0 microcode 0x0, cx8, cmov, fxsr, ht, mmx, 3dnowpref, sse, sse2, sse3, ssse3, sse4a, sse4.1, sse4.2, popcnt, lzcnt, tsc, tscinvbit, avx, avx2, aes, erms, clmul, bmi1, bmi2, adx, sha, fma, vzeroupper, clflush, clflushopt, hv

Memory: 4k page, system-wide physical 16273M (293M free)
TotalPageFile size 44797M (AvailPageFile size 5M)
current process WorkingSet (physical memory assigned to process): 159M, peak: 159M
current process commit charge ("private bytes"): 435M, peak: 437M

vm_info: OpenJDK 64-Bit Server VM (17.0.4.1+1) for windows-amd64 JRE (17.0.4.1+1), built on Aug 17 2022 07:42:43 by "temurin" with MS VC++ 16.7 (VS2019)

END.
