#
# There is insufficient memory for the Java Runtime Environment to continue.
# Native memory allocation (mmap) failed to map 268435456 bytes for G1 virtual space
# Possible reasons:
#   The system is out of physical RAM or swap space
#   The process is running with CompressedOops enabled, and the Java Heap may be blocking the growth of the native heap
# Possible solutions:
#   Reduce memory load on the system
#   Increase physical memory or swap space
#   Check if swap backing store is full
#   Decrease Java heap size (-Xmx/-Xms)
#   Decrease number of Java threads
#   Decrease Java thread stack sizes (-Xss)
#   Set larger code cache with -XX:ReservedCodeCacheSize=
#   JVM is running with Zero Based Compressed Oops mode in which the Java heap is
#     placed in the first 32GB address space. The Java Heap base address is the
#     maximum limit for the native heap growth. Please use -XX:HeapBaseMinAddress
#     to set the Java Heap base and to place the Java Heap above 32GB virtual address.
# This output file may be truncated or incomplete.
#
#  Out of Memory Error (os_windows.cpp:3541), pid=824, tid=28424
#
# JRE version:  (17.0.4.1+1) (build )
# Java VM: OpenJDK 64-Bit Server VM (17.0.4.1+1, mixed mode, sharing, tiered, compressed oops, compressed class ptrs, g1 gc, windows-amd64)
# No core dump will be written. Minidumps are not enabled by default on client versions of Windows
#

---------------  S U M M A R Y ------------

Command Line: -XX:MaxGCPauseMillis=50 -agentlib:jdwp=transport=dt_shmem,address=javadebug -Dfile.encoding=UTF-8 bluej.runtime.ExecServer UTF-8

Host: AMD Ryzen 5 5500                               , 12 cores, 15G,  Windows 11 , 64 bit Build 22621 (10.0.22621.3527)
Time: Sat May 25 00:17:54 2024 E. South America Standard Time elapsed time: 0.018861 seconds (0d 0h 0m 0s)

---------------  T H R E A D  ---------------

Current thread (0x000001dcb15f8f90):  JavaThread "Unknown thread" [_thread_in_vm, id=28424, stack(0x0000004ac8900000,0x0000004ac8a00000)]

Stack: [0x0000004ac8900000,0x0000004ac8a00000]
Native frames: (J=compiled Java code, j=interpreted, Vv=VM code, C=native code)
V  [jvm.dll+0x67731a]
V  [jvm.dll+0x832284]
V  [jvm.dll+0x833a2e]
V  [jvm.dll+0x834093]
V  [jvm.dll+0x245775]
V  [jvm.dll+0x674209]
V  [jvm.dll+0x668a92]
V  [jvm.dll+0x30471b]
V  [jvm.dll+0x30bc66]
V  [jvm.dll+0x35ba9e]
V  [jvm.dll+0x35bccf]
V  [jvm.dll+0x2db5b8]
V  [jvm.dll+0x2dc524]
V  [jvm.dll+0x803db1]
V  [jvm.dll+0x3698f1]
V  [jvm.dll+0x7e31bc]
V  [jvm.dll+0x3ec25f]
V  [jvm.dll+0x3edde1]
C  [jli.dll+0x5277]
C  [ucrtbase.dll+0x29333]
C  [KERNEL32.DLL+0x1257d]
C  [ntdll.dll+0x5aa48]


---------------  P R O C E S S  ---------------

Threads class SMR info:
_java_thread_list=0x00007ffdae0c4e98, length=0, elements={
}

Java Threads: ( => current thread )

Other Threads:
  0x000001dcb1666f20 GCTaskThread "GC Thread#0" [stack: 0x0000004ac8a00000,0x0000004ac8b00000] [id=20728]
  0x000001dcb1677bc0 ConcurrentGCThread "G1 Main Marker" [stack: 0x0000004ac8b00000,0x0000004ac8c00000] [id=11368]
  0x000001dcb1679050 ConcurrentGCThread "G1 Conc#0" [stack: 0x0000004ac8c00000,0x0000004ac8d00000] [id=16984]

[error occurred during error reporting (printing all threads), id 0xc0000005, EXCEPTION_ACCESS_VIOLATION (0xc0000005) at pc=0x00007ffdad89c047]

VM state: not at safepoint (not fully initialized)

VM Mutex/Monitor currently owned by a thread:  ([mutex/lock_event])
[0x000001dcb15f4190] Heap_lock - owner thread: 0x000001dcb15f8f90

Heap address: 0x0000000701a00000, size: 4070 MB, Compressed Oops mode: Zero based, Oop shift amount: 3

CDS archive(s) mapped at: [0x0000000000000000-0x0000000000000000-0x0000000000000000), size 0, SharedBaseAddress: 0x0000000800000000, ArchiveRelocationMode: 0.
Narrow klass base: 0x0000000000000000, Narrow klass shift: 0, Narrow klass range: 0x0

GC Precious Log:
<Empty>

Heap:
 garbage-first heap   total 0K, used 0K [0x0000000701a00000, 0x0000000800000000)
  region size 2048K, 0 young (0K), 0 survivors (0K)

[error occurred during error reporting (printing heap information), id 0xc0000005, EXCEPTION_ACCESS_VIOLATION (0xc0000005) at pc=0x00007ffdadc80699]

GC Heap History (0 events):
No events

Deoptimization events (0 events):
No events

Classes unloaded (0 events):
No events

Classes redefined (0 events):
No events

Internal exceptions (0 events):
No events

VM Operations (0 events):
No events

Events (1 events):
Event: 0.007 Loaded shared library C:\Program Files\Greenfoot\jdk\bin\java.dll


Dynamic libraries:
0x00007ff7bf250000 - 0x00007ff7bf25e000 	C:\Program Files\Greenfoot\jdk\bin\java.exe
0x00007ffe53130000 - 0x00007ffe53347000 	C:\WINDOWS\SYSTEM32\ntdll.dll
0x00007ffe52420000 - 0x00007ffe524e4000 	C:\WINDOWS\System32\KERNEL32.DLL
0x00007ffe50780000 - 0x00007ffe50b27000 	C:\WINDOWS\System32\KERNELBASE.dll
0x00007ffe50c50000 - 0x00007ffe50d61000 	C:\WINDOWS\System32\ucrtbase.dll
0x00007ffe4a5a0000 - 0x00007ffe4a5b8000 	C:\Program Files\Greenfoot\jdk\bin\jli.dll
0x00007ffe51750000 - 0x00007ffe518fe000 	C:\WINDOWS\System32\USER32.dll
0x00007ffe50450000 - 0x00007ffe50476000 	C:\WINDOWS\System32\win32u.dll
0x00007ffe52f30000 - 0x00007ffe52f59000 	C:\WINDOWS\System32\GDI32.dll
0x00007ffe50b30000 - 0x00007ffe50c49000 	C:\WINDOWS\System32\gdi32full.dll
0x00007ffe504f0000 - 0x00007ffe5058a000 	C:\WINDOWS\System32\msvcp_win.dll
0x00007ffe48200000 - 0x00007ffe48219000 	C:\Program Files\Greenfoot\jdk\bin\VCRUNTIME140.dll
0x00007ffe41360000 - 0x00007ffe415f3000 	C:\WINDOWS\WinSxS\amd64_microsoft.windows.common-controls_6595b64144ccf1df_6.0.22621.3527_none_270e469b73872a76\COMCTL32.dll
0x00007ffe52300000 - 0x00007ffe523a7000 	C:\WINDOWS\System32\msvcrt.dll
0x00007ffe51cd0000 - 0x00007ffe51d01000 	C:\WINDOWS\System32\IMM32.DLL
0x00007ffe32390000 - 0x00007ffe324a6000 	C:\Program Files\Topaz OFD\Warsaw\wslbscr64.dll
0x00007ffe51c10000 - 0x00007ffe51cc2000 	C:\WINDOWS\System32\ADVAPI32.dll
0x00007ffe52e80000 - 0x00007ffe52f28000 	C:\WINDOWS\System32\sechost.dll
0x00007ffe50e30000 - 0x00007ffe50e58000 	C:\WINDOWS\System32\bcrypt.dll
0x00007ffe51980000 - 0x00007ffe51a95000 	C:\WINDOWS\System32\RPCRT4.dll
0x00007ffe50e60000 - 0x00007ffe516bc000 	C:\WINDOWS\System32\SHELL32.dll
0x00007ffe4f540000 - 0x00007ffe4f574000 	C:\WINDOWS\SYSTEM32\ntmarta.dll
0x00007ffe32990000 - 0x00007ffe32a85000 	C:\Program Files\Topaz OFD\Warsaw\wslbscrwh64.dll
0x00007ffe4d670000 - 0x00007ffe4d67c000 	C:\Program Files\Greenfoot\jdk\bin\vcruntime140_1.dll
0x00007ffe336a0000 - 0x00007ffe33731000 	C:\Program Files\Greenfoot\jdk\bin\msvcp140.dll
0x00007ffdad5b0000 - 0x00007ffdae1f6000 	C:\Program Files\Greenfoot\jdk\bin\server\jvm.dll
0x00007ffe523b0000 - 0x00007ffe523b8000 	C:\WINDOWS\System32\PSAPI.DLL
0x00007ffe434e0000 - 0x00007ffe434e9000 	C:\WINDOWS\SYSTEM32\WSOCK32.dll
0x000001dcb0c20000 - 0x000001dcb0c91000 	C:\WINDOWS\System32\WS2_32.dll
0x00007ffe379e0000 - 0x00007ffe37a14000 	C:\WINDOWS\SYSTEM32\WINMM.dll
0x00007ffe49bc0000 - 0x00007ffe49bca000 	C:\WINDOWS\SYSTEM32\VERSION.dll
0x00007ffe4f520000 - 0x00007ffe4f538000 	C:\WINDOWS\SYSTEM32\kernel.appcore.dll
0x00007ffe4b6e0000 - 0x00007ffe4b6ea000 	C:\Program Files\Greenfoot\jdk\bin\jimage.dll
0x00007ffe4a7e0000 - 0x00007ffe4aa12000 	C:\WINDOWS\SYSTEM32\DBGHELP.DLL
0x00007ffe52550000 - 0x00007ffe528d8000 	C:\WINDOWS\System32\combase.dll
0x000001dcb0ca0000 - 0x000001dcb0d77000 	C:\WINDOWS\System32\OLEAUT32.dll
0x00007ffe490e0000 - 0x00007ffe49112000 	C:\WINDOWS\SYSTEM32\dbgcore.DLL
0x00007ffe50700000 - 0x00007ffe50779000 	C:\WINDOWS\System32\bcryptPrimitives.dll
0x00007ffe381c0000 - 0x00007ffe381fb000 	C:\Program Files\Greenfoot\jdk\bin\jdwp.dll
0x00007ffe40510000 - 0x00007ffe40535000 	C:\Program Files\Greenfoot\jdk\bin\java.dll

dbghelp: loaded successfully - version: 4.0.5 - missing functions: none
symbol engine: initialized successfully - sym options: 0x614 - pdb path: .;C:\Program Files\Greenfoot\jdk\bin;C:\WINDOWS\SYSTEM32;C:\WINDOWS\WinSxS\amd64_microsoft.windows.common-controls_6595b64144ccf1df_6.0.22621.3527_none_270e469b73872a76;C:\Program Files\Topaz OFD\Warsaw;C:\Program Files\Greenfoot\jdk\bin\server

VM Arguments:
jvm_args: -XX:MaxGCPauseMillis=50 -agentlib:jdwp=transport=dt_shmem,address=javadebug -Dfile.encoding=UTF-8 
java_command: bluej.runtime.ExecServer UTF-8
java_class_path (initial): C:\Program Files\Greenfoot\lib\greenfoot.jar;C:\Program Files\Greenfoot\lib\javafx-base-20.0.1-win.jar;C:\Program Files\Greenfoot\lib\javafx-base-20.0.1.jar;C:\Program Files\Greenfoot\lib\javafx-controls-20.0.1-win.jar;C:\Program Files\Greenfoot\lib\javafx-controls-20.0.1.jar;C:\Program Files\Greenfoot\lib\javafx-fxml-20.0.1-win.jar;C:\Program Files\Greenfoot\lib\javafx-graphics-20.0.1-win.jar;C:\Program Files\Greenfoot\lib\javafx-graphics-20.0.1.jar;C:\Program Files\Greenfoot\lib\javafx-media-20.0.1-win.jar;C:\Program Files\Greenfoot\lib\javafx-media-20.0.1.jar;C:\Program Files\Greenfoot\lib\javafx-swing-20.0.1-win.jar;C:\Program Files\Greenfoot\lib\javafx-web-20.0.1-win.jar;C:\Program Files\Greenfoot\lib\junit-4.12.jar;C:\Program Files\Greenfoot\lib\junit-jupiter-5.5.2.jar;C:\Program Files\Greenfoot\lib\junit-jupiter-api-5.5.2.jar;C:\Program Files\Greenfoot\lib\junit-jupiter-engine-5.5.2.jar;C:\Program Files\Greenfoot\lib\junit-jupiter-params-5.5.2.jar;C:\Program Files\Greenfoot\lib\junit-platform-commons-1.5.2.jar;C:\Program Files\Greenfoot\lib\junit-platform-engine-1.5.2.jar;C:\Program Files\Greenfoot\lib\junit-platform-launcher-1.5.2.jar;C:\Program Files\Greenfoot\lib\junit-platform-suite-api-1.5.2.jar;C:\Program Files\Greenfoot\lib\junit-vintage-engine-5.5.2.jar;C:\Program Files\Greenfoot\lib\hamcrest-core-1.3.jar;C:\Program Files\Greenfoot\lib\opentest4j-1.2.0.jar;C:\Program Files\Greenfoot\lib\bluej.jar;C:\Program Files\Greenfoot\lib\classgraph-4.8.90.jar;C:\Program Files\Greenfoot\lib\diffutils-1.2.1.jar;C:\Program Files\Greenfoot\lib\commons-logging-1.2.jar;C:\Program Files\Greenfoot\lib\jl1.0.1.jar;C:\Program Files\Greenfoot\lib\opencsv-2.3.jar;C:\Program Files\Greenfoot\lib\opencsv-2.4.jar;C:\Program Files\Greenfoot\lib\xom-1.3.7.jar;C:\Program Files\Greenfoot\lib\lang-stride.jar;C:\Program Files\Greenfoot\lib\nsmenufx-2.1.8.jar;C:\Program Files\Greenfoot\lib\wellbehavedfx-0.3.3.jar;C:\Program Files\Greenfoot\lib\guava-17.0.j
Launcher Type: SUN_STANDARD

[Global flags]
     intx CICompilerCount                          = 4                                         {product} {ergonomic}
     uint ConcGCThreads                            = 3                                         {product} {ergonomic}
     uint G1ConcRefinementThreads                  = 10                                        {product} {ergonomic}
   size_t G1HeapRegionSize                         = 2097152                                   {product} {ergonomic}
    uintx GCDrainStackTargetSize                   = 64                                        {product} {ergonomic}
   size_t InitialHeapSize                          = 268435456                                 {product} {ergonomic}
   size_t MarkStackSize                            = 4194304                                   {product} {ergonomic}
    uintx MaxGCPauseMillis                         = 50                                        {product} {command line}
   size_t MaxHeapSize                              = 4267704320                                {product} {ergonomic}
   size_t MinHeapDeltaBytes                        = 2097152                                   {product} {ergonomic}
   size_t MinHeapSize                              = 8388608                                   {product} {ergonomic}
    uintx NonNMethodCodeHeapSize                   = 5839372                                {pd product} {ergonomic}
    uintx NonProfiledCodeHeapSize                  = 122909434                              {pd product} {ergonomic}
    uintx ProfiledCodeHeapSize                     = 122909434                              {pd product} {ergonomic}
    uintx ReservedCodeCacheSize                    = 251658240                              {pd product} {ergonomic}
     bool SegmentedCodeCache                       = true                                      {product} {ergonomic}
   size_t SoftMaxHeapSize                          = 4267704320                             {manageable} {ergonomic}
     bool UseCompressedClassPointers               = true                           {product lp64_product} {ergonomic}
     bool UseCompressedOops                        = true                           {product lp64_product} {ergonomic}
     bool UseG1GC                                  = true                                      {product} {ergonomic}
     bool UseLargePagesIndividualAllocation        = false                                  {pd product} {ergonomic}

Logging:
Log output configuration:
 #0: stdout all=warning uptime,level,tags
 #1: stderr all=off uptime,level,tags

Environment Variables:
PATH=C:\Program Files\Common Files\Oracle\Java\javapath;C:\Program Files (x86)\NVIDIA Corporation\PhysX\Common;C:\Program Files\Microsoft\jdk-11.0.16.101-hotspot\bin;C:\WINDOWS\system32;C:\WINDOWS;C:\WINDOWS\System32\Wbem;C:\WINDOWS\System32\WindowsPowerShell\v1.0\;C:\WINDOWS\System32\OpenSSH\;C:\Program Files (x86)\Microsoft SQL Server\160\Tools\Binn\;C:\Program Files\Microsoft SQL Server\160\Tools\Binn\;C:\Program Files\Microsoft SQL Server\Client SDK\ODBC\170\Tools\Binn\;C:\Program Files\Microsoft SQL Server\160\DTS\Binn\;C:\Program Files\Microsoft SQL Server\150\Tools\Binn\;C:\Program Files\dotnet\;C:\Program Files (x86)\Microsoft SQL Server\160\DTS\Binn\;C:\Program Files\Git\cmd;C:\Users\danil\AppData\Local\Microsoft\WindowsApps;C:\Users\danil\AppData\Local\Programs\Microsoft VS Code\bin;C:\Users\danil\.dotnet\tools;C:\Program Files\Azure Data Studio\bin;C:\Users\danil\AppData\Local\GitHubDesktop\bin
USERNAME=danil
OS=Windows_NT
PROCESSOR_IDENTIFIER=AMD64 Family 25 Model 80 Stepping 0, AuthenticAMD
TMP=C:\Users\danil\AppData\Local\Temp
TEMP=C:\Users\danil\AppData\Local\Temp



---------------  S Y S T E M  ---------------

OS:
 Windows 11 , 64 bit Build 22621 (10.0.22621.3527)
OS uptime: 9 days 19:44 hours
Hyper-V role detected

CPU: total 12 (initial active 12) (12 cores per cpu, 2 threads per core) family 25 model 80 stepping 0 microcode 0x0, cx8, cmov, fxsr, ht, mmx, 3dnowpref, sse, sse2, sse3, ssse3, sse4a, sse4.1, sse4.2, popcnt, lzcnt, tsc, tscinvbit, avx, avx2, aes, erms, clmul, bmi1, bmi2, adx, sha, fma, vzeroupper, clflush, clflushopt, hv

Memory: 4k page, system-wide physical 16273M (682M free)
TotalPageFile size 44796M (AvailPageFile size 157M)
current process WorkingSet (physical memory assigned to process): 14M, peak: 14M
current process commit charge ("private bytes"): 66M, peak: 322M

vm_info: OpenJDK 64-Bit Server VM (17.0.4.1+1) for windows-amd64 JRE (17.0.4.1+1), built on Aug 17 2022 07:42:43 by "temurin" with MS VC++ 16.7 (VS2019)

END.
