#
# There is insufficient memory for the Java Runtime Environment to continue.
# Native memory allocation (mmap) failed to map 10485760 bytes for G1 virtual space
# Possible reasons:
#   The system is out of physical RAM or swap space
#   The process is running with CompressedOops enabled, and the Java Heap may be blocking the growth of the native heap
# Possible solutions:
#   Reduce memory load on the system
#   Increase physical memory or swap space
#   Check if swap backing store is full
#   Decrease Java heap size (-Xmx/-Xms)
#   Decrease number of Java threads
#   Decrease Java thread stack sizes (-Xss)
#   Set larger code cache with -XX:ReservedCodeCacheSize=
#   JVM is running with Zero Based Compressed Oops mode in which the Java heap is
#     placed in the first 32GB address space. The Java Heap base address is the
#     maximum limit for the native heap growth. Please use -XX:HeapBaseMinAddress
#     to set the Java Heap base and to place the Java Heap above 32GB virtual address.
# This output file may be truncated or incomplete.
#
#  Out of Memory Error (os_windows.cpp:3541), pid=4308, tid=3296
#
# JRE version: OpenJDK Runtime Environment Temurin-17.0.4.1+1 (17.0.4.1+1) (build 17.0.4.1+1)
# Java VM: OpenJDK 64-Bit Server VM Temurin-17.0.4.1+1 (17.0.4.1+1, mixed mode, sharing, tiered, compressed oops, compressed class ptrs, g1 gc, windows-amd64)
# No core dump will be written. Minidumps are not enabled by default on client versions of Windows
#

---------------  S U M M A R Y ------------

Command Line: -Dhttps.protocols=TLSv1,TLSv1.1,TLSv1.2 bluej.Boot C:\Users\danil\OneDrive\Área de Trabalho\JogoModelado-versao2.0-copy-copy\project.greenfoot -greenfoot=true -bluej.compiler.showunchecked=false

Host: AMD Ryzen 5 5500                               , 12 cores, 15G,  Windows 11 , 64 bit Build 22621 (10.0.22621.3527)
Time: Sat May 25 00:19:59 2024 E. South America Standard Time elapsed time: 3.108187 seconds (0d 0h 0m 3s)

---------------  T H R E A D  ---------------

Current thread (0x00000230a36fb8e0):  VMThread "VM Thread" [stack: 0x000000a676a00000,0x000000a676b00000] [id=3296]

Stack: [0x000000a676a00000,0x000000a676b00000]
Native frames: (J=compiled Java code, j=interpreted, Vv=VM code, C=native code)
V  [jvm.dll+0x67731a]
V  [jvm.dll+0x832284]
V  [jvm.dll+0x833a2e]
V  [jvm.dll+0x834093]
V  [jvm.dll+0x245775]
V  [jvm.dll+0x674209]
V  [jvm.dll+0x668a92]
V  [jvm.dll+0x30471b]
V  [jvm.dll+0x30bc66]
V  [jvm.dll+0x35ba9e]
V  [jvm.dll+0x35bccf]
V  [jvm.dll+0x2db5b8]
V  [jvm.dll+0x2de646]
V  [jvm.dll+0x2e8d08]
V  [jvm.dll+0x31cfb0]
V  [jvm.dll+0x83853b]
V  [jvm.dll+0x839274]
V  [jvm.dll+0x83978c]
V  [jvm.dll+0x839b64]
V  [jvm.dll+0x839c30]
V  [jvm.dll+0x7e240a]
V  [jvm.dll+0x6761a5]
C  [ucrtbase.dll+0x29333]
C  [KERNEL32.DLL+0x1257d]
C  [ntdll.dll+0x5aa48]

VM_Operation (0x000000a6766ff760): G1Concurrent, mode: safepoint, requested by thread 0x00000230ff7d3670


---------------  P R O C E S S  ---------------

Threads class SMR info:
_java_thread_list=0x00000230b37418e0, length=45, elements={
0x00000230ff757180, 0x00000230a3703fa0, 0x00000230a3704c20, 0x00000230a3717700,
0x00000230a37180c0, 0x00000230a3718b80, 0x00000230a3723460, 0x00000230fe7ee7f0,
0x00000230fe7f1a90, 0x00000230a3736530, 0x00000230a415db40, 0x00000230a41641f0,
0x00000230a419e440, 0x00000230a537eec0, 0x00000230a543a020, 0x00000230a5446d30,
0x00000230a56918e0, 0x00000230a565d340, 0x00000230ac256fe0, 0x00000230fe7f1580,
0x00000230ac257980, 0x00000230ac258320, 0x00000230ac256640, 0x00000230ac258cc0,
0x00000230fe7efc30, 0x00000230ac2574b0, 0x00000230ac257e50, 0x00000230ac259190,
0x00000230ac259660, 0x00000230ac255ca0, 0x00000230ac256170, 0x00000230ade5c9d0,
0x00000230ade5c500, 0x00000230ade5f520, 0x00000230ade5c030, 0x00000230ade5a820,
0x00000230ade599b0, 0x00000230ade5dd10, 0x00000230ade5acf0, 0x00000230ade5a350,
0x00000230ade5e1e0, 0x00000230ade5e6b0, 0x00000230ade59e80, 0x00000230ade594e0,
0x00000230ade5cea0
}

Java Threads: ( => current thread )
  0x00000230ff757180 JavaThread "main" [_thread_blocked, id=16008, stack(0x000000a676400000,0x000000a676500000)]
  0x00000230a3703fa0 JavaThread "Reference Handler" daemon [_thread_blocked, id=16176, stack(0x000000a676b00000,0x000000a676c00000)]
  0x00000230a3704c20 JavaThread "Finalizer" daemon [_thread_blocked, id=24828, stack(0x000000a676c00000,0x000000a676d00000)]
  0x00000230a3717700 JavaThread "Signal Dispatcher" daemon [_thread_blocked, id=28912, stack(0x000000a676d00000,0x000000a676e00000)]
  0x00000230a37180c0 JavaThread "Attach Listener" daemon [_thread_blocked, id=1028, stack(0x000000a676e00000,0x000000a676f00000)]
  0x00000230a3718b80 JavaThread "Service Thread" daemon [_thread_blocked, id=17144, stack(0x000000a676f00000,0x000000a677000000)]
  0x00000230a3723460 JavaThread "Monitor Deflation Thread" daemon [_thread_blocked, id=5592, stack(0x000000a677000000,0x000000a677100000)]
  0x00000230fe7ee7f0 JavaThread "C2 CompilerThread0" daemon [_thread_blocked, id=29888, stack(0x000000a677100000,0x000000a677200000)]
  0x00000230fe7f1a90 JavaThread "C1 CompilerThread0" daemon [_thread_blocked, id=17712, stack(0x000000a677200000,0x000000a677300000)]
  0x00000230a3736530 JavaThread "Sweeper thread" daemon [_thread_blocked, id=29724, stack(0x000000a677300000,0x000000a677400000)]
  0x00000230a415db40 JavaThread "Notification Thread" daemon [_thread_blocked, id=29552, stack(0x000000a677400000,0x000000a677500000)]
  0x00000230a41641f0 JavaThread "Common-Cleaner" daemon [_thread_blocked, id=28432, stack(0x000000a677600000,0x000000a677700000)]
  0x00000230a419e440 JavaThread "JavaFX-Launcher" [_thread_blocked, id=30360, stack(0x000000a677700000,0x000000a677800000)]
  0x00000230a537eec0 JavaThread "QuantumRenderer-0" daemon [_thread_blocked, id=7088, stack(0x000000a677900000,0x000000a677a00000)]
  0x00000230a543a020 JavaThread "InvokeLaterDispatcher" daemon [_thread_blocked, id=28512, stack(0x000000a677c00000,0x000000a677d00000)]
  0x00000230a5446d30 JavaThread "JavaFX Application Thread" [_thread_blocked, id=18804, stack(0x000000a677d00000,0x000000a677e00000)]
  0x00000230a56918e0 JavaThread "Thread-2" daemon [_thread_blocked, id=5168, stack(0x000000a678600000,0x000000a678700000)]
  0x00000230a565d340 JavaThread "subMain thread" [_thread_blocked, id=6600, stack(0x000000a678700000,0x000000a678800000)]
  0x00000230ac256fe0 JavaThread "Prism Font Disposer" daemon [_thread_blocked, id=27992, stack(0x000000a679500000,0x000000a679600000)]
  0x00000230fe7f1580 JavaThread "C2 CompilerThread1" daemon [_thread_blocked, id=8268, stack(0x000000a677800000,0x000000a677900000)]
  0x00000230ac257980 JavaThread "pool-2-thread-1" [_thread_blocked, id=24432, stack(0x000000a679600000,0x000000a679700000)]
  0x00000230ac258320 JavaThread "Import scanner" [_thread_blocked, id=26704, stack(0x000000a679700000,0x000000a679800000)]
  0x00000230ac256640 JavaThread "VMCommsMain" [_thread_blocked, id=28128, stack(0x000000a679b00000,0x000000a679c00000)]
  0x00000230ac258cc0 JavaThread "Timer-0" [_thread_blocked, id=19076, stack(0x000000a679c00000,0x000000a679d00000)]
  0x00000230fe7efc30 JavaThread "C2 CompilerThread2" daemon [_thread_blocked, id=14692, stack(0x000000a679a00000,0x000000a679b00000)]
  0x00000230ac2574b0 JavaThread "JDI Internal Event Handler" daemon [_thread_blocked, id=30256, stack(0x000000a679f00000,0x000000a67a000000)]
  0x00000230ac257e50 JavaThread "JDI Target VM Interface" daemon [_thread_blocked, id=18984, stack(0x000000a67a000000,0x000000a67a100000)]
  0x00000230ac259190 JavaThread "BlueJ I/O Handler" [_thread_in_native, id=6852, stack(0x000000a67a100000,0x000000a67a200000)]
  0x00000230ac259660 JavaThread "BlueJ I/O Handler" [_thread_in_native, id=23368, stack(0x000000a67a200000,0x000000a67a300000)]
  0x00000230ac255ca0 JavaThread "BlueJ I/O Handler" [_thread_blocked, id=28816, stack(0x000000a67a300000,0x000000a67a400000)]
  0x00000230ac256170 JavaThread "VM Event Handler Helper" [_thread_blocked, id=24176, stack(0x000000a67a400000,0x000000a67a500000)]
  0x00000230ade5c9d0 JavaThread "vm-event-handler" [_thread_blocked, id=6864, stack(0x000000a67a500000,0x000000a67a600000)]
  0x00000230ade5c500 JavaThread "Keep-Alive-Timer" daemon [_thread_blocked, id=24764, stack(0x000000a679200000,0x000000a679300000)]
  0x00000230ade5f520 JavaThread "Cleaner-0" daemon [_thread_blocked, id=4532, stack(0x000000a679000000,0x000000a679100000)]
  0x00000230ade5c030 JavaThread "ClassGraph-worker-0" daemon [_thread_blocked, id=5584, stack(0x000000a679100000,0x000000a679200000)]
  0x00000230ade5a820 JavaThread "ClassGraph-worker-1" daemon [_thread_blocked, id=27828, stack(0x000000a67a600000,0x000000a67a700000)]
  0x00000230ade599b0 JavaThread "ClassGraph-worker-2" daemon [_thread_blocked, id=5076, stack(0x000000a67a700000,0x000000a67a800000)]
  0x00000230ade5dd10 JavaThread "ClassGraph-worker-3" daemon [_thread_blocked, id=12620, stack(0x000000a67a800000,0x000000a67a900000)]
  0x00000230ade5acf0 JavaThread "ClassGraph-worker-4" daemon [_thread_blocked, id=30592, stack(0x000000a67a900000,0x000000a67aa00000)]
  0x00000230ade5a350 JavaThread "ClassGraph-worker-5" daemon [_thread_blocked, id=29560, stack(0x000000a67aa00000,0x000000a67ab00000)]
  0x00000230ade5e1e0 JavaThread "ClassGraph-worker-6" daemon [_thread_blocked, id=30472, stack(0x000000a67ab00000,0x000000a67ac00000)]
  0x00000230ade5e6b0 JavaThread "ClassGraph-worker-7" daemon [_thread_blocked, id=5252, stack(0x000000a67ac00000,0x000000a67ad00000)]
  0x00000230ade59e80 JavaThread "ClassGraph-worker-8" daemon [_thread_blocked, id=18724, stack(0x000000a67ad00000,0x000000a67ae00000)]
  0x00000230ade594e0 JavaThread "ClassGraph-worker-9" daemon [_thread_blocked, id=30048, stack(0x000000a67ae00000,0x000000a67af00000)]
  0x00000230ade5cea0 JavaThread "ClassGraph-worker-10" daemon [_thread_blocked, id=15000, stack(0x000000a67af00000,0x000000a67b000000)]

Other Threads:
=>0x00000230a36fb8e0 VMThread "VM Thread" [stack: 0x000000a676a00000,0x000000a676b00000] [id=3296]
  0x00000230fe7edef0 WatcherThread [stack: 0x000000a677500000,0x000000a677600000] [id=30196]
  0x00000230ff7c2230 GCTaskThread "GC Thread#0" [stack: 0x000000a676500000,0x000000a676600000] [id=5700]
  0x00000230ab34d3f0 GCTaskThread "GC Thread#1" [stack: 0x000000a678800000,0x000000a678900000] [id=18772]
  0x00000230a572eb80 GCTaskThread "GC Thread#2" [stack: 0x000000a678900000,0x000000a678a00000] [id=27956]
  0x00000230a572ee30 GCTaskThread "GC Thread#3" [stack: 0x000000a678a00000,0x000000a678b00000] [id=17592]
  0x00000230a576e800 GCTaskThread "GC Thread#4" [stack: 0x000000a678b00000,0x000000a678c00000] [id=30220]
  0x00000230a576eab0 GCTaskThread "GC Thread#5" [stack: 0x000000a678c00000,0x000000a678d00000] [id=26592]
  0x00000230ab3cb3b0 GCTaskThread "GC Thread#6" [stack: 0x000000a678d00000,0x000000a678e00000] [id=21932]
  0x00000230ab3cb660 GCTaskThread "GC Thread#7" [stack: 0x000000a678e00000,0x000000a678f00000] [id=1852]
  0x00000230aba980f0 GCTaskThread "GC Thread#8" [stack: 0x000000a679300000,0x000000a679400000] [id=6804]
  0x00000230ac21b320 GCTaskThread "GC Thread#9" [stack: 0x000000a679400000,0x000000a679500000] [id=27504]
  0x00000230ff7d3670 ConcurrentGCThread "G1 Main Marker" [stack: 0x000000a676600000,0x000000a676700000] [id=25728]
  0x00000230ff7d4730 ConcurrentGCThread "G1 Conc#0" [stack: 0x000000a676700000,0x000000a676800000] [id=28832]
  0x00000230ab82cfd0 ConcurrentGCThread "G1 Conc#1" [stack: 0x000000a679800000,0x000000a679900000] [id=17704]
  0x00000230ab82d7e0 ConcurrentGCThread "G1 Conc#2" [stack: 0x000000a679900000,0x000000a679a00000] [id=28300]
  0x00000230a3635cf0 ConcurrentGCThread "G1 Refine#0" [stack: 0x000000a676800000,0x000000a676900000] [id=17376]
  0x00000230a3636620 ConcurrentGCThread "G1 Service" [stack: 0x000000a676900000,0x000000a676a00000] [id=22216]

Threads with active compile tasks:
C2 CompilerThread0     3141 4564       4       java.util.concurrent.LinkedBlockingQueue::dequeue (32 bytes)
C1 CompilerThread0     3141 4548       3       java.nio.IntBuffer::put (9 bytes)
C2 CompilerThread1     3141 4559   !   4       io.github.classgraph.Classfile::readConstantPoolEntries (848 bytes)
C2 CompilerThread2     3142 4560       4       io.github.classgraph.Classfile::constantPoolStringEquals (121 bytes)

VM state: at safepoint (normal execution)

VM Mutex/Monitor currently owned by a thread:  ([mutex/lock_event])
[0x00000230ff755e00] Threads_lock - owner thread: 0x00000230a36fb8e0
[0x00000230ff754c90] Heap_lock - owner thread: 0x00000230ff7d3670

Heap address: 0x0000000701a00000, size: 4070 MB, Compressed Oops mode: Zero based, Oop shift amount: 3

CDS archive(s) mapped at: [0x0000000800000000-0x0000000800bc0000-0x0000000800bc0000), size 12320768, SharedBaseAddress: 0x0000000800000000, ArchiveRelocationMode: 0.
Compressed class space mapped at: 0x0000000800c00000-0x0000000840c00000, reserved size: 1073741824
Narrow klass base: 0x0000000800000000, Narrow klass shift: 0, Narrow klass range: 0x100000000

GC Precious Log:
 CPUs: 12 total, 12 available
 Memory: 16273M
 Large Page Support: Disabled
 NUMA Support: Disabled
 Compressed Oops: Enabled (Zero based)
 Heap Region Size: 2M
 Heap Min Capacity: 8M
 Heap Initial Capacity: 256M
 Heap Max Capacity: 4070M
 Pre-touch: Disabled
 Parallel Workers: 10
 Concurrent Workers: 3
 Concurrent Refinement Workers: 10
 Periodic GC: Disabled

Heap:
 garbage-first heap   total 120832K, used 71103K [0x0000000701a00000, 0x0000000800000000)
  region size 2048K, 6 young (12288K), 1 survivors (2048K)
 Metaspace       used 33258K, committed 33600K, reserved 1081344K
  class space    used 4842K, committed 4992K, reserved 1048576K

Heap Regions: E=young(eden), S=young(survivor), O=old, HS=humongous(starts), HC=humongous(continues), CS=collection set, F=free, OA=open archive, CA=closed archive, TAMS=top-at-mark-start (previous, next)
|   0|0x0000000701a00000, 0x0000000701c00000, 0x0000000701c00000|100%| O|  |TAMS 0x0000000701c00000, 0x0000000701a00000| Updating 
|   1|0x0000000701c00000, 0x0000000701e00000, 0x0000000701e00000|100%| O|  |TAMS 0x0000000701e00000, 0x0000000701c00000| Untracked 
|   2|0x0000000701e00000, 0x0000000702000000, 0x0000000702000000|100%| O|  |TAMS 0x0000000702000000, 0x0000000701e00000| Untracked 
|   3|0x0000000702000000, 0x000000070200a400, 0x0000000702200000|  2%| O|  |TAMS 0x000000070200a400, 0x0000000702000000| Updating 
|   4|0x0000000702200000, 0x0000000702400000, 0x0000000702400000|100%| O|  |TAMS 0x0000000702400000, 0x0000000702200000| Untracked 
|   5|0x0000000702400000, 0x0000000702600000, 0x0000000702600000|100%| O|  |TAMS 0x0000000702600000, 0x0000000702400000| Untracked 
|   6|0x0000000702600000, 0x0000000702800000, 0x0000000702800000|100%|HS|  |TAMS 0x0000000702800000, 0x0000000702600000| Complete 
|   7|0x0000000702800000, 0x0000000702a00000, 0x0000000702a00000|100%| O|  |TAMS 0x0000000702a00000, 0x0000000702800000| Untracked 
|   8|0x0000000702a00000, 0x0000000702c00000, 0x0000000702c00000|100%| O|  |TAMS 0x0000000702c00000, 0x0000000702a00000| Untracked 
|   9|0x0000000702c00000, 0x0000000702e00000, 0x0000000702e00000|100%|HS|  |TAMS 0x0000000702e00000, 0x0000000702c00000| Complete 
|  10|0x0000000702e00000, 0x0000000703000000, 0x0000000703000000|100%| O|  |TAMS 0x0000000702e24c00, 0x0000000702e00000| Untracked 
|  11|0x0000000703000000, 0x0000000703200000, 0x0000000703200000|100%| O|  |TAMS 0x0000000703200000, 0x0000000703000000| Untracked 
|  12|0x0000000703200000, 0x0000000703400000, 0x0000000703400000|100%| O|  |TAMS 0x0000000703400000, 0x0000000703200000| Untracked 
|  13|0x0000000703400000, 0x0000000703600000, 0x0000000703600000|100%|HS|  |TAMS 0x0000000703600000, 0x0000000703400000| Complete 
|  14|0x0000000703600000, 0x0000000703800000, 0x0000000703800000|100%|HC|  |TAMS 0x0000000703800000, 0x0000000703600000| Complete 
|  15|0x0000000703800000, 0x0000000703a00000, 0x0000000703a00000|100%|HC|  |TAMS 0x0000000703a00000, 0x0000000703800000| Complete 
|  16|0x0000000703a00000, 0x0000000703c00000, 0x0000000703c00000|100%|HC|  |TAMS 0x0000000703c00000, 0x0000000703a00000| Complete 
|  17|0x0000000703c00000, 0x0000000703e00000, 0x0000000703e00000|100%|HC|  |TAMS 0x0000000703e00000, 0x0000000703c00000| Complete 
|  18|0x0000000703e00000, 0x0000000704000000, 0x0000000704000000|100%|HC|  |TAMS 0x0000000704000000, 0x0000000703e00000| Complete 
|  19|0x0000000704000000, 0x0000000704200000, 0x0000000704200000|100%|HC|  |TAMS 0x0000000704200000, 0x0000000704000000| Complete 
|  20|0x0000000704200000, 0x0000000704400000, 0x0000000704400000|100%|HC|  |TAMS 0x0000000704400000, 0x0000000704200000| Complete 
|  21|0x0000000704400000, 0x0000000704600000, 0x0000000704600000|100%|HC|  |TAMS 0x0000000704600000, 0x0000000704400000| Complete 
|  22|0x0000000704600000, 0x0000000704800000, 0x0000000704800000|100%|HC|  |TAMS 0x0000000704800000, 0x0000000704600000| Complete 
|  23|0x0000000704800000, 0x0000000704a00000, 0x0000000704a00000|100%|HC|  |TAMS 0x0000000704a00000, 0x0000000704800000| Complete 
|  24|0x0000000704a00000, 0x0000000704c00000, 0x0000000704c00000|100%|HC|  |TAMS 0x0000000704c00000, 0x0000000704a00000| Complete 
|  25|0x0000000704c00000, 0x0000000704e00000, 0x0000000704e00000|100%|HC|  |TAMS 0x0000000704e00000, 0x0000000704c00000| Complete 
|  26|0x0000000704e00000, 0x0000000705000000, 0x0000000705000000|100%|HC|  |TAMS 0x0000000705000000, 0x0000000704e00000| Complete 
|  27|0x0000000705000000, 0x0000000705200000, 0x0000000705200000|100%|HC|  |TAMS 0x0000000705200000, 0x0000000705000000| Complete 
|  28|0x0000000705200000, 0x0000000705400000, 0x0000000705400000|100%| O|  |TAMS 0x0000000705200000, 0x0000000705200000| Untracked 
|  29|0x0000000705400000, 0x0000000705600000, 0x0000000705600000|100%| O|  |TAMS 0x0000000705400000, 0x0000000705400000| Untracked 
|  30|0x0000000705600000, 0x0000000705617600, 0x0000000705800000|  4%| O|  |TAMS 0x0000000705600000, 0x0000000705600000| Updating 
|  31|0x0000000705800000, 0x0000000705800000, 0x0000000705a00000|  0%| F|  |TAMS 0x0000000705800000, 0x0000000705800000| Untracked 
|  32|0x0000000705a00000, 0x0000000705a00000, 0x0000000705c00000|  0%| F|  |TAMS 0x0000000705a00000, 0x0000000705a00000| Untracked 
|  33|0x0000000705c00000, 0x0000000705c00000, 0x0000000705e00000|  0%| F|  |TAMS 0x0000000705c00000, 0x0000000705c00000| Untracked 
|  34|0x0000000705e00000, 0x0000000705e00000, 0x0000000706000000|  0%| F|  |TAMS 0x0000000705e00000, 0x0000000705e00000| Untracked 
|  35|0x0000000706000000, 0x0000000706000000, 0x0000000706200000|  0%| F|  |TAMS 0x0000000706000000, 0x0000000706000000| Untracked 
|  36|0x0000000706200000, 0x0000000706200000, 0x0000000706400000|  0%| F|  |TAMS 0x0000000706200000, 0x0000000706200000| Untracked 
|  37|0x0000000706400000, 0x0000000706400000, 0x0000000706600000|  0%| F|  |TAMS 0x0000000706400000, 0x0000000706400000| Untracked 
|  38|0x0000000706600000, 0x0000000706600000, 0x0000000706800000|  0%| F|  |TAMS 0x0000000706600000, 0x0000000706600000| Untracked 
|  39|0x0000000706800000, 0x0000000706800000, 0x0000000706a00000|  0%| F|  |TAMS 0x0000000706800000, 0x0000000706800000| Untracked 
|  40|0x0000000706a00000, 0x0000000706a00000, 0x0000000706c00000|  0%| F|  |TAMS 0x0000000706a00000, 0x0000000706a00000| Untracked 
|  41|0x0000000706c00000, 0x0000000706c00000, 0x0000000706e00000|  0%| F|  |TAMS 0x0000000706c00000, 0x0000000706c00000| Untracked 
|  42|0x0000000706e00000, 0x0000000706e00000, 0x0000000707000000|  0%| F|  |TAMS 0x0000000706e00000, 0x0000000706e00000| Untracked 
|  43|0x0000000707000000, 0x0000000707000000, 0x0000000707200000|  0%| F|  |TAMS 0x0000000707000000, 0x0000000707000000| Untracked 
|  44|0x0000000707200000, 0x000000070734e510, 0x0000000707400000| 65%| S|CS|TAMS 0x0000000707200000, 0x0000000707200000| Complete 
|  45|0x0000000707400000, 0x0000000707400000, 0x0000000707600000|  0%| F|  |TAMS 0x0000000707400000, 0x0000000707400000| Untracked 
|  46|0x0000000707600000, 0x0000000707600000, 0x0000000707800000|  0%| F|  |TAMS 0x0000000707600000, 0x0000000707600000| Untracked 
|  47|0x0000000707800000, 0x0000000707800000, 0x0000000707a00000|  0%| F|  |TAMS 0x0000000707800000, 0x0000000707800000| Untracked 
|  48|0x0000000707a00000, 0x0000000707a00000, 0x0000000707c00000|  0%| F|  |TAMS 0x0000000707a00000, 0x0000000707a00000| Untracked 
|  49|0x0000000707c00000, 0x0000000707c00000, 0x0000000707e00000|  0%| F|  |TAMS 0x0000000707c00000, 0x0000000707c00000| Untracked 
|  50|0x0000000707e00000, 0x0000000707e00000, 0x0000000708000000|  0%| F|  |TAMS 0x0000000707e00000, 0x0000000707e00000| Untracked 
|  51|0x0000000708000000, 0x0000000708000000, 0x0000000708200000|  0%| F|  |TAMS 0x0000000708000000, 0x0000000708000000| Untracked 
|  52|0x0000000708200000, 0x0000000708200000, 0x0000000708400000|  0%| F|  |TAMS 0x0000000708200000, 0x0000000708200000| Untracked 
|  53|0x0000000708400000, 0x00000007084e2a90, 0x0000000708600000| 44%| E|  |TAMS 0x0000000708400000, 0x0000000708400000| Complete 
| 116|0x0000000710200000, 0x0000000710400000, 0x0000000710400000|100%| O|  |TAMS 0x0000000710400000, 0x0000000710200000| Untracked 
| 117|0x0000000710400000, 0x0000000710600000, 0x0000000710600000|100%| E|CS|TAMS 0x0000000710400000, 0x0000000710400000| Complete 
| 118|0x0000000710600000, 0x0000000710800000, 0x0000000710800000|100%| E|CS|TAMS 0x0000000710600000, 0x0000000710600000| Complete 
| 119|0x0000000710800000, 0x0000000710a00000, 0x0000000710a00000|100%| E|CS|TAMS 0x0000000710800000, 0x0000000710800000| Complete 
| 127|0x0000000711800000, 0x0000000711a00000, 0x0000000711a00000|100%| E|CS|TAMS 0x0000000711800000, 0x0000000711800000| Complete 

Card table byte_map: [0x0000023098620000,0x0000023098e20000] _byte_map_base: 0x0000023094e13000

Marking Bits (Prev, Next): (CMBitMap*) 0x00000230ff7c2750, (CMBitMap*) 0x00000230ff7c2790
 Prev Bits: [0x0000023099620000, 0x000002309d5b8000)
 Next Bits: [0x000002309d5c0000, 0x00000230a1558000)

Polling page: 0x00000230fe9f0000

Metaspace:

Usage:
  Non-class:     27.75 MB used.
      Class:      4.73 MB used.
       Both:     32.48 MB used.

Virtual space:
  Non-class space:       32.00 MB reserved,      27.94 MB ( 87%) committed,  4 nodes.
      Class space:        1.00 GB reserved,       4.88 MB ( <1%) committed,  1 nodes.
             Both:        1.03 GB reserved,      32.81 MB (  3%) committed. 

Chunk freelists:
   Non-Class:  3.70 MB
       Class:  2.98 MB
        Both:  6.68 MB

MaxMetaspaceSize: unlimited
CompressedClassSpaceSize: 1.00 GB
Initial GC threshold: 21.00 MB
Current GC threshold: 52.94 MB
CDS: on
MetaspaceReclaimPolicy: balanced
 - commit_granule_bytes: 65536.
 - commit_granule_words: 8192.
 - virtual_space_node_default_size: 1048576.
 - enlarge_chunks_in_place: 1.
 - new_chunks_are_fully_committed: 0.
 - uncommit_free_chunks: 1.
 - use_allocation_guard: 0.
 - handle_deallocations: 1.


Internal statistics:

num_allocs_failed_limit: 3.
num_arena_births: 320.
num_arena_deaths: 0.
num_vsnodes_births: 5.
num_vsnodes_deaths: 0.
num_space_committed: 525.
num_space_uncommitted: 0.
num_chunks_returned_to_freelist: 3.
num_chunks_taken_from_freelist: 1384.
num_chunk_merges: 0.
num_chunk_splits: 889.
num_chunks_enlarged: 607.
num_purges: 0.
num_inconsistent_stats: 0.

CodeHeap 'non-profiled nmethods': size=120000Kb used=2220Kb max_used=2220Kb free=117779Kb
 bounds [0x00000230908f0000, 0x0000023090b60000, 0x0000023097e20000]
CodeHeap 'profiled nmethods': size=120000Kb used=9329Kb max_used=9329Kb free=110670Kb
 bounds [0x00000230893c0000, 0x0000023089ce0000, 0x00000230908f0000]
CodeHeap 'non-nmethods': size=5760Kb used=1544Kb max_used=1573Kb free=4215Kb
 bounds [0x0000023088e20000, 0x0000023089090000, 0x00000230893c0000]
 total_blobs=5472 nmethods=4545 adapters=837
 compilation: enabled
              stopped_count=0, restarted_count=0
 full_count=0

Compilation events (20 events):
Event: 3.054 Thread 0x00000230fe7f1a90 nmethod 4541 0x0000023089cc7510 code [0x0000023089cc76c0, 0x0000023089cc7828]
Event: 3.055 Thread 0x00000230fe7f1a90 4488   !   3       io.github.classgraph.Classfile::<init> (785 bytes)
Event: 3.058 Thread 0x00000230fe7f1580 nmethod 4530% 0x0000023090b19990 code [0x0000023090b19bc0, 0x0000023090b1a880]
Event: 3.059 Thread 0x00000230fe7f1580 4559   !   4       io.github.classgraph.Classfile::readConstantPoolEntries (848 bytes)
Event: 3.059 Thread 0x00000230fe7f1a90 nmethod 4488 0x0000023089cc7910 code [0x0000023089cc8460, 0x0000023089cce6d8]
Event: 3.059 Thread 0x00000230fe7f1a90 4557       3       io.github.classgraph.Classfile::getConstantPoolStringOffset (386 bytes)
Event: 3.060 Thread 0x00000230fe7efc30 4560       4       io.github.classgraph.Classfile::constantPoolStringEquals (121 bytes)
Event: 3.060 Thread 0x00000230fe7f1a90 nmethod 4557 0x0000023089cd0990 code [0x0000023089cd0f40, 0x0000023089cd3608]
Event: 3.060 Thread 0x00000230fe7f1a90 4554       3       io.github.classgraph.Classfile::scheduleScanningIfExternalClass (367 bytes)
Event: 3.062 Thread 0x00000230fe7f1a90 nmethod 4554 0x0000023089cd4410 code [0x0000023089cd4aa0, 0x0000023089cd7e78]
Event: 3.062 Thread 0x00000230fe7f1a90 4543   !   3       jdk.internal.misc.ScopedMemoryAccess::copySwapMemory (33 bytes)
Event: 3.063 Thread 0x00000230fe7f1a90 nmethod 4543 0x0000023089cd8f10 code [0x0000023089cd9120, 0x0000023089cd97f8]
Event: 3.063 Thread 0x00000230fe7ee7f0 4564       4       java.util.concurrent.LinkedBlockingQueue::dequeue (32 bytes)
Event: 3.063 Thread 0x00000230fe7f1a90 4544   !   3       jdk.internal.misc.ScopedMemoryAccess::copySwapMemoryInternal (62 bytes)
Event: 3.063 Thread 0x00000230fe7f1a90 nmethod 4544 0x0000023089cd9c10 code [0x0000023089cd9e00, 0x0000023089cda348]
Event: 3.063 Thread 0x00000230fe7f1a90 4545       3       jdk.internal.misc.Unsafe::copySwapMemory (37 bytes)
Event: 3.063 Thread 0x00000230fe7f1a90 nmethod 4545 0x0000023089cda690 code [0x0000023089cda840, 0x0000023089cdaa98]
Event: 3.063 Thread 0x00000230fe7f1a90 4546       3       jdk.internal.misc.Unsafe::copySwapMemoryChecks (68 bytes)
Event: 3.064 Thread 0x00000230fe7f1a90 nmethod 4546 0x0000023089cdab90 code [0x0000023089cdaea0, 0x0000023089cdbfc8]
Event: 3.064 Thread 0x00000230fe7f1a90 4548       3       java.nio.IntBuffer::put (9 bytes)

GC Heap History (20 events):
Event: 0.954 GC heap before
{Heap before GC invocations=1 (full 0):
 garbage-first heap   total 262144K, used 29766K [0x0000000701a00000, 0x0000000800000000)
  region size 2048K, 15 young (30720K), 2 survivors (4096K)
 Metaspace       used 14532K, committed 14784K, reserved 1064960K
  class space    used 2037K, committed 2176K, reserved 1048576K
}
Event: 0.957 GC heap after
{Heap after GC invocations=2 (full 0):
 garbage-first heap   total 262144K, used 10281K [0x0000000701a00000, 0x0000000800000000)
  region size 2048K, 2 young (4096K), 2 survivors (4096K)
 Metaspace       used 14532K, committed 14784K, reserved 1064960K
  class space    used 2037K, committed 2176K, reserved 1048576K
}
Event: 1.332 GC heap before
{Heap before GC invocations=2 (full 0):
 garbage-first heap   total 262144K, used 24617K [0x0000000701a00000, 0x0000000800000000)
  region size 2048K, 10 young (20480K), 2 survivors (4096K)
 Metaspace       used 21243K, committed 21504K, reserved 1073152K
  class space    used 3042K, committed 3136K, reserved 1048576K
}
Event: 1.335 GC heap after
{Heap after GC invocations=3 (full 0):
 garbage-first heap   total 262144K, used 12788K [0x0000000701a00000, 0x0000000800000000)
  region size 2048K, 4 young (8192K), 4 survivors (8192K)
 Metaspace       used 21243K, committed 21504K, reserved 1073152K
  class space    used 3042K, committed 3136K, reserved 1048576K
}
Event: 2.036 GC heap before
{Heap before GC invocations=4 (full 0):
 garbage-first heap   total 61440K, used 41460K [0x0000000701a00000, 0x0000000800000000)
  region size 2048K, 18 young (36864K), 4 survivors (8192K)
 Metaspace       used 28014K, committed 28352K, reserved 1073152K
  class space    used 4109K, committed 4224K, reserved 1048576K
}
Event: 2.040 GC heap after
{Heap after GC invocations=5 (full 0):
 garbage-first heap   total 61440K, used 15786K [0x0000000701a00000, 0x0000000800000000)
  region size 2048K, 3 young (6144K), 3 survivors (6144K)
 Metaspace       used 28014K, committed 28352K, reserved 1073152K
  class space    used 4109K, committed 4224K, reserved 1048576K
}
Event: 2.130 GC heap before
{Heap before GC invocations=5 (full 0):
 garbage-first heap   total 61440K, used 19882K [0x0000000701a00000, 0x0000000800000000)
  region size 2048K, 5 young (10240K), 3 survivors (6144K)
 Metaspace       used 28169K, committed 28480K, reserved 1073152K
  class space    used 4127K, committed 4288K, reserved 1048576K
}
Event: 2.133 GC heap after
{Heap after GC invocations=6 (full 0):
 garbage-first heap   total 61440K, used 19284K [0x0000000701a00000, 0x0000000800000000)
  region size 2048K, 1 young (2048K), 1 survivors (2048K)
 Metaspace       used 28169K, committed 28480K, reserved 1073152K
  class space    used 4127K, committed 4288K, reserved 1048576K
}
Event: 2.540 GC heap before
{Heap before GC invocations=6 (full 0):
 garbage-first heap   total 67584K, used 58196K [0x0000000701a00000, 0x0000000800000000)
  region size 2048K, 6 young (12288K), 1 survivors (2048K)
 Metaspace       used 29913K, committed 30208K, reserved 1081344K
  class space    used 4481K, committed 4608K, reserved 1048576K
}
Event: 2.541 GC heap after
{Heap after GC invocations=7 (full 0):
 garbage-first heap   total 67584K, used 51892K [0x0000000701a00000, 0x0000000800000000)
  region size 2048K, 2 young (4096K), 2 survivors (4096K)
 Metaspace       used 29913K, committed 30208K, reserved 1081344K
  class space    used 4481K, committed 4608K, reserved 1048576K
}
Event: 2.648 GC heap before
{Heap before GC invocations=7 (full 0):
 garbage-first heap   total 67584K, used 53940K [0x0000000701a00000, 0x0000000800000000)
  region size 2048K, 3 young (6144K), 2 survivors (4096K)
 Metaspace       used 30345K, committed 30720K, reserved 1081344K
  class space    used 4545K, committed 4736K, reserved 1048576K
}
Event: 2.650 GC heap after
{Heap after GC invocations=8 (full 0):
 garbage-first heap   total 67584K, used 52023K [0x0000000701a00000, 0x0000000800000000)
  region size 2048K, 1 young (2048K), 1 survivors (2048K)
 Metaspace       used 30345K, committed 30720K, reserved 1081344K
  class space    used 4545K, committed 4736K, reserved 1048576K
}
Event: 2.799 GC heap before
{Heap before GC invocations=9 (full 0):
 garbage-first heap   total 100352K, used 54071K [0x0000000701a00000, 0x0000000800000000)
  region size 2048K, 2 young (4096K), 1 survivors (2048K)
 Metaspace       used 30670K, committed 30976K, reserved 1081344K
  class space    used 4575K, committed 4736K, reserved 1048576K
}
Event: 2.800 GC heap after
{Heap after GC invocations=10 (full 0):
 garbage-first heap   total 120832K, used 52084K [0x0000000701a00000, 0x0000000800000000)
  region size 2048K, 1 young (2048K), 1 survivors (2048K)
 Metaspace       used 30670K, committed 30976K, reserved 1081344K
  class space    used 4575K, committed 4736K, reserved 1048576K
}
Event: 2.844 GC heap before
{Heap before GC invocations=10 (full 0):
 garbage-first heap   total 120832K, used 54132K [0x0000000701a00000, 0x0000000800000000)
  region size 2048K, 4 young (8192K), 1 survivors (2048K)
 Metaspace       used 32086K, committed 32384K, reserved 1081344K
  class space    used 4728K, committed 4864K, reserved 1048576K
}
Event: 2.845 GC heap after
{Heap after GC invocations=11 (full 0):
 garbage-first heap   total 120832K, used 52875K [0x0000000701a00000, 0x0000000800000000)
  region size 2048K, 1 young (2048K), 1 survivors (2048K)
 Metaspace       used 32086K, committed 32384K, reserved 1081344K
  class space    used 4728K, committed 4864K, reserved 1048576K
}
Event: 3.014 GC heap before
{Heap before GC invocations=12 (full 0):
 garbage-first heap   total 120832K, used 87691K [0x0000000701a00000, 0x0000000800000000)
  region size 2048K, 18 young (36864K), 1 survivors (2048K)
 Metaspace       used 33047K, committed 33408K, reserved 1081344K
  class space    used 4822K, committed 4992K, reserved 1048576K
}
Event: 3.018 GC heap after
{Heap after GC invocations=13 (full 0):
 garbage-first heap   total 120832K, used 61628K [0x0000000701a00000, 0x0000000800000000)
  region size 2048K, 3 young (6144K), 3 survivors (6144K)
 Metaspace       used 33047K, committed 33408K, reserved 1081344K
  class space    used 4822K, committed 4992K, reserved 1048576K
}
Event: 3.049 GC heap before
{Heap before GC invocations=13 (full 0):
 garbage-first heap   total 120832K, used 86204K [0x0000000701a00000, 0x0000000800000000)
  region size 2048K, 16 young (32768K), 3 survivors (6144K)
 Metaspace       used 33203K, committed 33536K, reserved 1081344K
  class space    used 4839K, committed 4992K, reserved 1048576K
}
Event: 3.052 GC heap after
{Heap after GC invocations=14 (full 0):
 garbage-first heap   total 120832K, used 62911K [0x0000000701a00000, 0x0000000800000000)
  region size 2048K, 1 young (2048K), 1 survivors (2048K)
 Metaspace       used 33203K, committed 33536K, reserved 1081344K
  class space    used 4839K, committed 4992K, reserved 1048576K
}

Deoptimization events (20 events):
Event: 3.012 Thread 0x00000230ade5e1e0 DEOPT PACKING pc=0x0000023090aebd8c sp=0x000000a67abfef00
Event: 3.012 Thread 0x00000230ade5e1e0 DEOPT UNPACKING pc=0x0000023088e723a3 sp=0x000000a67abfee40 mode 2
Event: 3.012 Thread 0x00000230ade5a350 DEOPT PACKING pc=0x0000023090aebd8c sp=0x000000a67aafeb30
Event: 3.012 Thread 0x00000230ade5a350 DEOPT UNPACKING pc=0x0000023088e723a3 sp=0x000000a67aafea70 mode 2
Event: 3.036 Thread 0x00000230ade5c030 DEOPT PACKING pc=0x0000023089c89ecf sp=0x000000a6791feae0
Event: 3.036 Thread 0x00000230ade5c030 DEOPT UNPACKING pc=0x0000023088e72b43 sp=0x000000a6791fe020 mode 0
Event: 3.054 Thread 0x00000230ade5acf0 Uncommon trap: trap_request=0xffffff45 fr.pc=0x00000230909667ac relative=0x000000000000104c
Event: 3.054 Thread 0x00000230ade5acf0 Uncommon trap: reason=unstable_if action=reinterpret pc=0x00000230909667ac method=java.util.concurrent.ConcurrentHashMap.transfer([Ljava/util/concurrent/ConcurrentHashMap$Node;[Ljava/util/concurrent/ConcurrentHashMap$Node;)V @ 172 c2
Event: 3.054 Thread 0x00000230ade5acf0 DEOPT PACKING pc=0x00000230909667ac sp=0x000000a67a9feaa0
Event: 3.054 Thread 0x00000230ade5acf0 DEOPT UNPACKING pc=0x0000023088e723a3 sp=0x000000a67a9fea18 mode 2
Event: 3.057 Thread 0x00000230ade5a820 Uncommon trap: trap_request=0xffffff45 fr.pc=0x0000023090b16120 relative=0x0000000000000200
Event: 3.057 Thread 0x00000230ade5a820 Uncommon trap: reason=unstable_if action=reinterpret pc=0x0000023090b16120 method=io.github.classgraph.Classfile.getConstantPoolStringOffset(II)I @ 152 c2
Event: 3.057 Thread 0x00000230ade5a820 DEOPT PACKING pc=0x0000023090b16120 sp=0x000000a67a6fead0
Event: 3.057 Thread 0x00000230ade5a820 DEOPT UNPACKING pc=0x0000023088e723a3 sp=0x000000a67a6fea40 mode 2
Event: 3.059 Thread 0x00000230ade5dd10 DEOPT PACKING pc=0x0000023089cad66a sp=0x000000a67a8fead0
Event: 3.059 Thread 0x00000230ade5dd10 DEOPT UNPACKING pc=0x0000023088e72b43 sp=0x000000a67a8fe080 mode 0
Event: 3.061 Thread 0x00000230ade5e6b0 DEOPT PACKING pc=0x0000023089cad66a sp=0x000000a67acfee10
Event: 3.061 Thread 0x00000230ade5e6b0 DEOPT UNPACKING pc=0x0000023088e72b43 sp=0x000000a67acfe3b8 mode 0
Event: 3.064 Thread 0x00000230ade5acf0 DEOPT PACKING pc=0x0000023089cad66a sp=0x000000a67a9fec80
Event: 3.064 Thread 0x00000230ade5acf0 DEOPT UNPACKING pc=0x0000023088e72b43 sp=0x000000a67a9fe228 mode 0

Classes unloaded (0 events):
No events

Classes redefined (0 events):
No events

Internal exceptions (20 events):
Event: 3.029 Thread 0x00000230ade5c030 Exception <a 'sun/nio/fs/WindowsException'{0x0000000710531990}> (0x0000000710531990) 
thrown [s\src\hotspot\share\prims\jni.cpp, line 516]
Event: 3.029 Thread 0x00000230ade5c030 Exception <a 'sun/nio/fs/WindowsException'{0x0000000710531cf0}> (0x0000000710531cf0) 
thrown [s\src\hotspot\share\prims\jni.cpp, line 516]
Event: 3.029 Thread 0x00000230ade5acf0 Exception <a 'sun/nio/fs/WindowsException'{0x000000070846f8f8}> (0x000000070846f8f8) 
thrown [s\src\hotspot\share\prims\jni.cpp, line 516]
Event: 3.029 Thread 0x00000230ade5acf0 Exception <a 'sun/nio/fs/WindowsException'{0x000000070846fcd8}> (0x000000070846fcd8) 
thrown [s\src\hotspot\share\prims\jni.cpp, line 516]
Event: 3.029 Thread 0x00000230ade5dd10 Exception <a 'sun/nio/fs/WindowsException'{0x00000007084278d8}> (0x00000007084278d8) 
thrown [s\src\hotspot\share\prims\jni.cpp, line 516]
Event: 3.029 Thread 0x00000230ade5dd10 Exception <a 'sun/nio/fs/WindowsException'{0x0000000708427cb8}> (0x0000000708427cb8) 
thrown [s\src\hotspot\share\prims\jni.cpp, line 516]
Event: 3.030 Thread 0x00000230ade5acf0 Exception <a 'sun/nio/fs/WindowsException'{0x00000007084ddb70}> (0x00000007084ddb70) 
thrown [s\src\hotspot\share\prims\jni.cpp, line 516]
Event: 3.030 Thread 0x00000230ade5acf0 Exception <a 'sun/nio/fs/WindowsException'{0x00000007084ddf40}> (0x00000007084ddf40) 
thrown [s\src\hotspot\share\prims\jni.cpp, line 516]
Event: 3.054 Thread 0x00000230ade5e6b0 Exception <a 'sun/nio/fs/WindowsException'{0x0000000711964238}> (0x0000000711964238) 
thrown [s\src\hotspot\share\prims\jni.cpp, line 516]
Event: 3.054 Thread 0x00000230ade594e0 Exception <a 'sun/nio/fs/WindowsException'{0x0000000711985b30}> (0x0000000711985b30) 
thrown [s\src\hotspot\share\prims\jni.cpp, line 516]
Event: 3.054 Thread 0x00000230ade5e6b0 Exception <a 'sun/nio/fs/WindowsException'{0x0000000711964598}> (0x0000000711964598) 
thrown [s\src\hotspot\share\prims\jni.cpp, line 516]
Event: 3.054 Thread 0x00000230ade594e0 Exception <a 'sun/nio/fs/WindowsException'{0x0000000711985e90}> (0x0000000711985e90) 
thrown [s\src\hotspot\share\prims\jni.cpp, line 516]
Event: 3.055 Thread 0x00000230ade5acf0 Exception <a 'sun/nio/fs/WindowsException'{0x00000007108475d8}> (0x00000007108475d8) 
thrown [s\src\hotspot\share\prims\jni.cpp, line 516]
Event: 3.055 Thread 0x00000230ade5acf0 Exception <a 'sun/nio/fs/WindowsException'{0x0000000710871970}> (0x0000000710871970) 
thrown [s\src\hotspot\share\prims\jni.cpp, line 516]
Event: 3.056 Thread 0x00000230ade5acf0 Exception <a 'sun/nio/fs/WindowsException'{0x000000071087d600}> (0x000000071087d600) 
thrown [s\src\hotspot\share\prims\jni.cpp, line 516]
Event: 3.056 Thread 0x00000230ade5acf0 Exception <a 'sun/nio/fs/WindowsException'{0x000000071087d990}> (0x000000071087d990) 
thrown [s\src\hotspot\share\prims\jni.cpp, line 516]
Event: 3.057 Thread 0x00000230ade5dd10 Exception <a 'sun/nio/fs/WindowsException'{0x0000000710816858}> (0x0000000710816858) 
thrown [s\src\hotspot\share\prims\jni.cpp, line 516]
Event: 3.057 Thread 0x00000230ade5dd10 Exception <a 'sun/nio/fs/WindowsException'{0x0000000710816c18}> (0x0000000710816c18) 
thrown [s\src\hotspot\share\prims\jni.cpp, line 516]
Event: 3.057 Thread 0x00000230ade59e80 Exception <a 'sun/nio/fs/WindowsException'{0x000000071062aed0}> (0x000000071062aed0) 
thrown [s\src\hotspot\share\prims\jni.cpp, line 516]
Event: 3.057 Thread 0x00000230ade59e80 Exception <a 'sun/nio/fs/WindowsException'{0x000000071062b260}> (0x000000071062b260) 
thrown [s\src\hotspot\share\prims\jni.cpp, line 516]

VM Operations (20 events):
Event: 2.659 Executing VM operation: G1Concurrent done
Event: 2.662 Executing VM operation: G1Concurrent
Event: 2.662 Executing VM operation: G1Concurrent done
Event: 2.799 Executing VM operation: G1CollectForAllocation
Event: 2.800 Executing VM operation: G1CollectForAllocation done
Event: 2.844 Executing VM operation: G1TryInitiateConcMark
Event: 2.845 Executing VM operation: G1TryInitiateConcMark done
Event: 2.855 Executing VM operation: G1Concurrent
Event: 2.857 Executing VM operation: G1Concurrent done
Event: 2.861 Executing VM operation: G1Concurrent
Event: 2.861 Executing VM operation: G1Concurrent done
Event: 2.894 Executing VM operation: HandshakeAllThreads
Event: 2.894 Executing VM operation: HandshakeAllThreads done
Event: 3.014 Executing VM operation: G1CollectForAllocation
Event: 3.018 Executing VM operation: G1CollectForAllocation done
Event: 3.049 Executing VM operation: G1CollectForAllocation
Event: 3.049 Executing VM operation: G1CollectForAllocation done
Event: 3.049 Executing VM operation: G1CollectForAllocation
Event: 3.052 Executing VM operation: G1CollectForAllocation done
Event: 3.064 Executing VM operation: G1Concurrent

Events (20 events):
Event: 2.860 Thread 0x00000230ade594e0 Thread added: 0x00000230ade594e0
Event: 2.861 Thread 0x00000230ade5cea0 Thread added: 0x00000230ade5cea0
Event: 2.861 loading class java/net/SocketException
Event: 2.862 loading class java/net/SocketException done
Event: 2.870 loading class java/nio/BufferUnderflowException
Event: 2.870 loading class java/nio/BufferUnderflowException done
Event: 2.871 loading class java/nio/ReadOnlyBufferException
Event: 2.871 loading class java/nio/ReadOnlyBufferException done
Event: 2.872 loading class java/util/zip/DataFormatException
Event: 2.873 loading class java/util/zip/DataFormatException done
Event: 2.873 loading class java/util/zip/ZipException
Event: 2.873 loading class java/util/zip/ZipException done
Event: 2.892 loading class java/nio/file/NoSuchFileException
Event: 2.892 loading class java/nio/file/FileSystemException
Event: 2.893 loading class java/nio/file/FileSystemException done
Event: 2.893 loading class java/nio/file/NoSuchFileException done
Event: 2.986 loading class java/lang/FdLibm$Cbrt
Event: 2.986 loading class java/lang/FdLibm$Cbrt done
Event: 2.990 Thread 0x00000230ade5f050 Thread added: 0x00000230ade5f050
Event: 3.062 Thread 0x00000230ade5f050 Thread exited: 0x00000230ade5f050


Dynamic libraries:
0x00007ff74f900000 - 0x00007ff74f90e000 	C:\Program Files\Greenfoot\jdk\bin\javaw.exe
0x00007ffe53130000 - 0x00007ffe53347000 	C:\WINDOWS\SYSTEM32\ntdll.dll
0x00007ffe52420000 - 0x00007ffe524e4000 	C:\WINDOWS\System32\KERNEL32.DLL
0x00007ffe50780000 - 0x00007ffe50b27000 	C:\WINDOWS\System32\KERNELBASE.dll
0x00007ffe50c50000 - 0x00007ffe50d61000 	C:\WINDOWS\System32\ucrtbase.dll
0x00007ffe4a5a0000 - 0x00007ffe4a5b8000 	C:\Program Files\Greenfoot\jdk\bin\jli.dll
0x00007ffe51750000 - 0x00007ffe518fe000 	C:\WINDOWS\System32\USER32.dll
0x00007ffe50450000 - 0x00007ffe50476000 	C:\WINDOWS\System32\win32u.dll
0x00007ffe52f30000 - 0x00007ffe52f59000 	C:\WINDOWS\System32\GDI32.dll
0x00007ffe50b30000 - 0x00007ffe50c49000 	C:\WINDOWS\System32\gdi32full.dll
0x00007ffe504f0000 - 0x00007ffe5058a000 	C:\WINDOWS\System32\msvcp_win.dll
0x00007ffe48200000 - 0x00007ffe48219000 	C:\Program Files\Greenfoot\jdk\bin\VCRUNTIME140.dll
0x00007ffe41360000 - 0x00007ffe415f3000 	C:\WINDOWS\WinSxS\amd64_microsoft.windows.common-controls_6595b64144ccf1df_6.0.22621.3527_none_270e469b73872a76\COMCTL32.dll
0x00007ffe52300000 - 0x00007ffe523a7000 	C:\WINDOWS\System32\msvcrt.dll
0x00007ffe51cd0000 - 0x00007ffe51d01000 	C:\WINDOWS\System32\IMM32.DLL
0x00007ffe32390000 - 0x00007ffe324a6000 	C:\Program Files\Topaz OFD\Warsaw\wslbscr64.dll
0x00007ffe51c10000 - 0x00007ffe51cc2000 	C:\WINDOWS\System32\ADVAPI32.dll
0x00007ffe52e80000 - 0x00007ffe52f28000 	C:\WINDOWS\System32\sechost.dll
0x00007ffe50e30000 - 0x00007ffe50e58000 	C:\WINDOWS\System32\bcrypt.dll
0x00007ffe51980000 - 0x00007ffe51a95000 	C:\WINDOWS\System32\RPCRT4.dll
0x00007ffe50e60000 - 0x00007ffe516bc000 	C:\WINDOWS\System32\SHELL32.dll
0x00007ffe4f540000 - 0x00007ffe4f574000 	C:\WINDOWS\SYSTEM32\ntmarta.dll
0x00007ffe32990000 - 0x00007ffe32a85000 	C:\Program Files\Topaz OFD\Warsaw\wslbscrwh64.dll
0x00007ffe4d670000 - 0x00007ffe4d67c000 	C:\Program Files\Greenfoot\jdk\bin\vcruntime140_1.dll
0x00007ffe336a0000 - 0x00007ffe33731000 	C:\Program Files\Greenfoot\jdk\bin\msvcp140.dll
0x00007ffdad5b0000 - 0x00007ffdae1f6000 	C:\Program Files\Greenfoot\jdk\bin\server\jvm.dll
0x00007ffe523b0000 - 0x00007ffe523b8000 	C:\WINDOWS\System32\PSAPI.DLL
0x00007ffe434e0000 - 0x00007ffe434e9000 	C:\WINDOWS\SYSTEM32\WSOCK32.dll
0x00000230fe970000 - 0x00000230fe9e1000 	C:\WINDOWS\System32\WS2_32.dll
0x00007ffe379e0000 - 0x00007ffe37a14000 	C:\WINDOWS\SYSTEM32\WINMM.dll
0x00007ffe49bc0000 - 0x00007ffe49bca000 	C:\WINDOWS\SYSTEM32\VERSION.dll
0x00007ffe4f520000 - 0x00007ffe4f538000 	C:\WINDOWS\SYSTEM32\kernel.appcore.dll
0x00007ffe4b6e0000 - 0x00007ffe4b6ea000 	C:\Program Files\Greenfoot\jdk\bin\jimage.dll
0x00007ffe4a7e0000 - 0x00007ffe4aa12000 	C:\WINDOWS\SYSTEM32\DBGHELP.DLL
0x00007ffe52550000 - 0x00007ffe528d8000 	C:\WINDOWS\System32\combase.dll
0x00000230fee00000 - 0x00000230feed7000 	C:\WINDOWS\System32\OLEAUT32.dll
0x00007ffe490e0000 - 0x00007ffe49112000 	C:\WINDOWS\SYSTEM32\dbgcore.DLL
0x00007ffe50700000 - 0x00007ffe50779000 	C:\WINDOWS\System32\bcryptPrimitives.dll
0x00007ffe40510000 - 0x00007ffe40535000 	C:\Program Files\Greenfoot\jdk\bin\java.dll
0x00007ffe335c0000 - 0x00007ffe33696000 	C:\Program Files\Greenfoot\jdk\bin\jsvml.dll
0x00007ffe4e340000 - 0x00007ffe4ec36000 	C:\WINDOWS\SYSTEM32\windows.storage.dll
0x00007ffe4e200000 - 0x00007ffe4e33e000 	C:\WINDOWS\SYSTEM32\wintypes.dll
0x00000230a4d00000 - 0x00000230a4df5000 	C:\WINDOWS\System32\SHCORE.dll
0x00007ffe524f0000 - 0x00007ffe5254e000 	C:\WINDOWS\System32\shlwapi.dll
0x00007ffe50380000 - 0x00007ffe503a1000 	C:\WINDOWS\SYSTEM32\profapi.dll
0x00007ffe44d90000 - 0x00007ffe44da9000 	C:\Program Files\Greenfoot\jdk\bin\net.dll
0x00007ffe4b550000 - 0x00007ffe4b686000 	C:\WINDOWS\SYSTEM32\WINHTTP.dll
0x00007ffe4f980000 - 0x00007ffe4f9e9000 	C:\WINDOWS\system32\mswsock.dll
0x00007ffe44780000 - 0x00007ffe44795000 	C:\Program Files\Greenfoot\jdk\bin\nio.dll
0x00007ffe40af0000 - 0x00007ffe40b08000 	C:\Program Files\Greenfoot\jdk\bin\zip.dll
0x00000230a5770000 - 0x00000230a5773000 	C:\Users\danil\.openjfx\cache\20.0.1+2\amd64\api-ms-win-core-console-l1-1-0.dll
0x00000230a5780000 - 0x00000230a5783000 	C:\Users\danil\.openjfx\cache\20.0.1+2\amd64\api-ms-win-core-console-l1-2-0.dll
0x00000230a5790000 - 0x00000230a5793000 	C:\Users\danil\.openjfx\cache\20.0.1+2\amd64\api-ms-win-core-datetime-l1-1-0.dll
0x00000230a57a0000 - 0x00000230a57a3000 	C:\Users\danil\.openjfx\cache\20.0.1+2\amd64\api-ms-win-core-debug-l1-1-0.dll
0x00000230a57b0000 - 0x00000230a57b3000 	C:\Users\danil\.openjfx\cache\20.0.1+2\amd64\api-ms-win-core-errorhandling-l1-1-0.dll
0x00000230a57c0000 - 0x00000230a57c4000 	C:\Users\danil\.openjfx\cache\20.0.1+2\amd64\api-ms-win-core-file-l1-1-0.dll
0x00000230a57d0000 - 0x00000230a57d3000 	C:\Users\danil\.openjfx\cache\20.0.1+2\amd64\api-ms-win-core-file-l1-2-0.dll
0x00000230a57e0000 - 0x00000230a57e3000 	C:\Users\danil\.openjfx\cache\20.0.1+2\amd64\api-ms-win-core-file-l2-1-0.dll
0x00000230a57f0000 - 0x00000230a57f3000 	C:\Users\danil\.openjfx\cache\20.0.1+2\amd64\api-ms-win-core-handle-l1-1-0.dll
0x00000230a5800000 - 0x00000230a5803000 	C:\Users\danil\.openjfx\cache\20.0.1+2\amd64\api-ms-win-core-heap-l1-1-0.dll
0x00000230a5810000 - 0x00000230a5813000 	C:\Users\danil\.openjfx\cache\20.0.1+2\amd64\api-ms-win-core-interlocked-l1-1-0.dll
0x00000230a5820000 - 0x00000230a5823000 	C:\Users\danil\.openjfx\cache\20.0.1+2\amd64\api-ms-win-core-libraryloader-l1-1-0.dll
0x00000230a5830000 - 0x00000230a5833000 	C:\Users\danil\.openjfx\cache\20.0.1+2\amd64\api-ms-win-core-localization-l1-2-0.dll
0x00000230a5840000 - 0x00000230a5843000 	C:\Users\danil\.openjfx\cache\20.0.1+2\amd64\api-ms-win-core-memory-l1-1-0.dll
0x00000230a5850000 - 0x00000230a5853000 	C:\Users\danil\.openjfx\cache\20.0.1+2\amd64\api-ms-win-core-namedpipe-l1-1-0.dll
0x00000230a5860000 - 0x00000230a5863000 	C:\Users\danil\.openjfx\cache\20.0.1+2\amd64\api-ms-win-core-processenvironment-l1-1-0.dll
0x00000230a5870000 - 0x00000230a5873000 	C:\Users\danil\.openjfx\cache\20.0.1+2\amd64\api-ms-win-core-processthreads-l1-1-0.dll
0x00000230a5880000 - 0x00000230a5883000 	C:\Users\danil\.openjfx\cache\20.0.1+2\amd64\api-ms-win-core-processthreads-l1-1-1.dll
0x00000230a5890000 - 0x00000230a5893000 	C:\Users\danil\.openjfx\cache\20.0.1+2\amd64\api-ms-win-core-profile-l1-1-0.dll
0x00000230a58a0000 - 0x00000230a58a3000 	C:\Users\danil\.openjfx\cache\20.0.1+2\amd64\api-ms-win-core-rtlsupport-l1-1-0.dll
0x00000230a58b0000 - 0x00000230a58b3000 	C:\Users\danil\.openjfx\cache\20.0.1+2\amd64\api-ms-win-core-string-l1-1-0.dll
0x00000230a58c0000 - 0x00000230a58c3000 	C:\Users\danil\.openjfx\cache\20.0.1+2\amd64\api-ms-win-core-synch-l1-1-0.dll
0x00000230a58d0000 - 0x00000230a58d3000 	C:\Users\danil\.openjfx\cache\20.0.1+2\amd64\api-ms-win-core-synch-l1-2-0.dll
0x00000230a58e0000 - 0x00000230a58e3000 	C:\Users\danil\.openjfx\cache\20.0.1+2\amd64\api-ms-win-core-sysinfo-l1-1-0.dll
0x00000230a58f0000 - 0x00000230a58f3000 	C:\Users\danil\.openjfx\cache\20.0.1+2\amd64\api-ms-win-core-timezone-l1-1-0.dll
0x00000230a5900000 - 0x00000230a5903000 	C:\Users\danil\.openjfx\cache\20.0.1+2\amd64\api-ms-win-core-util-l1-1-0.dll
0x00000230a5910000 - 0x00000230a5913000 	C:\Users\danil\.openjfx\cache\20.0.1+2\amd64\api-ms-win-crt-conio-l1-1-0.dll
0x00000230a5920000 - 0x00000230a5924000 	C:\Users\danil\.openjfx\cache\20.0.1+2\amd64\api-ms-win-crt-convert-l1-1-0.dll
0x00000230a5930000 - 0x00000230a5933000 	C:\Users\danil\.openjfx\cache\20.0.1+2\amd64\api-ms-win-crt-environment-l1-1-0.dll
0x00000230a5940000 - 0x00000230a5943000 	C:\Users\danil\.openjfx\cache\20.0.1+2\amd64\api-ms-win-crt-filesystem-l1-1-0.dll
0x00000230a5950000 - 0x00000230a5953000 	C:\Users\danil\.openjfx\cache\20.0.1+2\amd64\api-ms-win-crt-heap-l1-1-0.dll
0x00000230a5960000 - 0x00000230a5963000 	C:\Users\danil\.openjfx\cache\20.0.1+2\amd64\api-ms-win-crt-locale-l1-1-0.dll
0x00000230a5970000 - 0x00000230a5975000 	C:\Users\danil\.openjfx\cache\20.0.1+2\amd64\api-ms-win-crt-math-l1-1-0.dll
0x00000230a5980000 - 0x00000230a5985000 	C:\Users\danil\.openjfx\cache\20.0.1+2\amd64\api-ms-win-crt-multibyte-l1-1-0.dll
0x00000230a5990000 - 0x00000230a59a0000 	C:\Users\danil\.openjfx\cache\20.0.1+2\amd64\api-ms-win-crt-private-l1-1-0.dll
0x00000230a59a0000 - 0x00000230a59a3000 	C:\Users\danil\.openjfx\cache\20.0.1+2\amd64\api-ms-win-crt-process-l1-1-0.dll
0x00000230a59b0000 - 0x00000230a59b4000 	C:\Users\danil\.openjfx\cache\20.0.1+2\amd64\api-ms-win-crt-runtime-l1-1-0.dll
0x00000230a59c0000 - 0x00000230a59c4000 	C:\Users\danil\.openjfx\cache\20.0.1+2\amd64\api-ms-win-crt-stdio-l1-1-0.dll
0x00000230a59d0000 - 0x00000230a59d4000 	C:\Users\danil\.openjfx\cache\20.0.1+2\amd64\api-ms-win-crt-string-l1-1-0.dll
0x00000230a59e0000 - 0x00000230a59e3000 	C:\Users\danil\.openjfx\cache\20.0.1+2\amd64\api-ms-win-crt-time-l1-1-0.dll
0x00000230a59f0000 - 0x00000230a59f3000 	C:\Users\danil\.openjfx\cache\20.0.1+2\amd64\api-ms-win-crt-utility-l1-1-0.dll
0x00007ffe334c0000 - 0x00007ffe335bc000 	C:\Users\danil\.openjfx\cache\20.0.1+2\amd64\ucrtbase.dll
0x00007ffe3f3a0000 - 0x00007ffe3f3bb000 	C:\Users\danil\.openjfx\cache\20.0.1+2\amd64\vcruntime140.dll
0x00007ffe4a410000 - 0x00007ffe4a41c000 	C:\Users\danil\.openjfx\cache\20.0.1+2\amd64\vcruntime140_1.dll
0x00007ffe33300000 - 0x00007ffe3338e000 	C:\Users\danil\.openjfx\cache\20.0.1+2\amd64\msvcp140.dll
0x00007ffe493a0000 - 0x00007ffe493a9000 	C:\Users\danil\.openjfx\cache\20.0.1+2\amd64\msvcp140_1.dll
0x00007ffe3f340000 - 0x00007ffe3f370000 	C:\Users\danil\.openjfx\cache\20.0.1+2\amd64\msvcp140_2.dll
0x00007ffe3e390000 - 0x00007ffe3e3bf000 	C:\Users\danil\.openjfx\cache\20.0.1+2\amd64\prism_d3d.dll
0x00007ffe35150000 - 0x00007ffe352f9000 	C:\WINDOWS\system32\d3d9.dll
0x00007ffe4dd90000 - 0x00007ffe4ddbb000 	C:\WINDOWS\SYSTEM32\dwmapi.dll
0x00007ffe4db50000 - 0x00007ffe4db89000 	C:\WINDOWS\SYSTEM32\dxcore.dll
0x00007ffe4d980000 - 0x00007ffe4da2b000 	C:\WINDOWS\system32\uxtheme.dll
0x00007ffe37820000 - 0x00007ffe379db000 	C:\WINDOWS\System32\DriverStore\FileRepository\u0399660.inf_amd64_d7fa3539ce499e50\B399655\aticfx64.dll
0x00007ffe139c0000 - 0x00007ffe139f4000 	C:\WINDOWS\System32\DriverStore\FileRepository\u0399660.inf_amd64_d7fa3539ce499e50\B399655\atiu9p64.dll
0x00007ffdfd3f0000 - 0x00007ffdfe137000 	C:\WINDOWS\System32\DriverStore\FileRepository\u0399660.inf_amd64_d7fa3539ce499e50\B399655\atiumd64.dll
0x00007ffe52140000 - 0x00007ffe522e5000 	C:\WINDOWS\System32\ole32.dll
0x00000000681f0000 - 0x0000000069103000 	C:\WINDOWS\System32\DriverStore\FileRepository\u0399660.inf_amd64_d7fa3539ce499e50\B399655\atiumd6a.dll
0x00007ffe52a00000 - 0x00007ffe52e74000 	C:\WINDOWS\System32\SETUPAPI.dll
0x00007ffe4f290000 - 0x00007ffe4f2dd000 	C:\WINDOWS\SYSTEM32\POWRPROF.dll
0x00007ffe4f270000 - 0x00007ffe4f283000 	C:\WINDOWS\SYSTEM32\UMPDC.dll
0x00007ffe3b860000 - 0x00007ffe3b895000 	C:\WINDOWS\SYSTEM32\amdihk64.dll
0x00007ffe497e0000 - 0x00007ffe4982a000 	C:\WINDOWS\SYSTEM32\directxdatabasehelper.dll
0x00007ffe3e340000 - 0x00007ffe3e382000 	C:\Users\danil\.openjfx\cache\20.0.1+2\amd64\glass.dll
0x00007ffe52900000 - 0x00007ffe529f7000 	C:\WINDOWS\System32\COMDLG32.dll
0x00000230a6690000 - 0x00000230a67e3000 	C:\WINDOWS\System32\MSCTF.dll
0x00007ffe3f230000 - 0x00007ffe3f244000 	C:\Users\danil\.openjfx\cache\20.0.1+2\amd64\javafx_font.dll
0x00007ffe4c110000 - 0x00007ffe4c384000 	C:\WINDOWS\SYSTEM32\dwrite.dll
0x00007ffe53040000 - 0x00007ffe530f0000 	C:\WINDOWS\System32\clbcatq.dll
0x00007ffe4d720000 - 0x00007ffe4d8d0000 	C:\WINDOWS\SYSTEM32\WindowsCodecs.dll
0x00007ffe280c0000 - 0x00007ffe2811e000 	C:\WINDOWS\system32\dataexchange.dll
0x00007ffe3d9d0000 - 0x00007ffe3dc5b000 	C:\WINDOWS\system32\twinapi.appcore.dll
0x00007ffe38ca0000 - 0x00007ffe38cd2000 	C:\Program Files\Common Files\Microsoft Shared\Ink\rtscom.dll
0x00007ffe34d30000 - 0x00007ffe34e7b000 	C:\WINDOWS\SYSTEM32\textinputframework.dll
0x00007ffe4ce20000 - 0x00007ffe4cf53000 	C:\WINDOWS\SYSTEM32\CoreMessaging.dll
0x00007ffe3a890000 - 0x00007ffe3abfc000 	C:\WINDOWS\SYSTEM32\CoreUIComponents.dll
0x00007ffe4fcb0000 - 0x00007ffe4fcbc000 	C:\WINDOWS\SYSTEM32\CRYPTBASE.DLL
0x00007ffe485d0000 - 0x00007ffe485de000 	C:\Program Files\Greenfoot\jdk\bin\sunmscapi.dll
0x00007ffe50590000 - 0x00007ffe506f8000 	C:\WINDOWS\System32\CRYPT32.dll

dbghelp: loaded successfully - version: 4.0.5 - missing functions: none
symbol engine: initialized successfully - sym options: 0x614 - pdb path: .;C:\Program Files\Greenfoot\jdk\bin;C:\WINDOWS\SYSTEM32;C:\WINDOWS\WinSxS\amd64_microsoft.windows.common-controls_6595b64144ccf1df_6.0.22621.3527_none_270e469b73872a76;C:\Program Files\Topaz OFD\Warsaw;C:\Program Files\Greenfoot\jdk\bin\server;C:\Users\danil\.openjfx\cache\20.0.1+2\amd64;C:\WINDOWS\System32\DriverStore\FileRepository\u0399660.inf_amd64_d7fa3539ce499e50\B399655;C:\Program Files\Common Files\Microsoft Shared\Ink

VM Arguments:
jvm_args: -Dhttps.protocols=TLSv1,TLSv1.1,TLSv1.2 
java_command: bluej.Boot C:\Users\danil\OneDrive\Área de Trabalho\JogoModelado-versao2.0-copy-copy\project.greenfoot -greenfoot=true -bluej.compiler.showunchecked=false
java_class_path (initial): C:\Program Files\Greenfoot\lib\boot.jar;C:\Program Files\Greenfoot\lib\javafx-base-20.0.1-win.jar;C:\Program Files\Greenfoot\lib\javafx-base-20.0.1.jar;C:\Program Files\Greenfoot\lib\javafx-controls-20.0.1-win.jar;C:\Program Files\Greenfoot\lib\javafx-controls-20.0.1.jar;C:\Program Files\Greenfoot\lib\javafx-fxml-20.0.1-win.jar;C:\Program Files\Greenfoot\lib\javafx-graphics-20.0.1-win.jar;C:\Program Files\Greenfoot\lib\javafx-graphics-20.0.1.jar;C:\Program Files\Greenfoot\lib\javafx-media-20.0.1-win.jar;C:\Program Files\Greenfoot\lib\javafx-media-20.0.1.jar;C:\Program Files\Greenfoot\lib\javafx-swing-20.0.1-win.jar;C:\Program Files\Greenfoot\lib\javafx-web-20.0.1-win.jar
Launcher Type: SUN_STANDARD

[Global flags]
     intx CICompilerCount                          = 4                                         {product} {ergonomic}
     uint ConcGCThreads                            = 3                                         {product} {ergonomic}
     uint G1ConcRefinementThreads                  = 10                                        {product} {ergonomic}
   size_t G1HeapRegionSize                         = 2097152                                   {product} {ergonomic}
    uintx GCDrainStackTargetSize                   = 64                                        {product} {ergonomic}
   size_t InitialHeapSize                          = 268435456                                 {product} {ergonomic}
   size_t MarkStackSize                            = 4194304                                   {product} {ergonomic}
   size_t MaxHeapSize                              = 4267704320                                {product} {ergonomic}
   size_t MaxNewSize                               = 2560622592                                {product} {ergonomic}
   size_t MinHeapDeltaBytes                        = 2097152                                   {product} {ergonomic}
   size_t MinHeapSize                              = 8388608                                   {product} {ergonomic}
    uintx NonNMethodCodeHeapSize                   = 5839372                                {pd product} {ergonomic}
    uintx NonProfiledCodeHeapSize                  = 122909434                              {pd product} {ergonomic}
    uintx ProfiledCodeHeapSize                     = 122909434                              {pd product} {ergonomic}
    uintx ReservedCodeCacheSize                    = 251658240                              {pd product} {ergonomic}
     bool SegmentedCodeCache                       = true                                      {product} {ergonomic}
   size_t SoftMaxHeapSize                          = 4267704320                             {manageable} {ergonomic}
     bool UseCompressedClassPointers               = true                           {product lp64_product} {ergonomic}
     bool UseCompressedOops                        = true                           {product lp64_product} {ergonomic}
     bool UseG1GC                                  = true                                      {product} {ergonomic}
     bool UseLargePagesIndividualAllocation        = false                                  {pd product} {ergonomic}

Logging:
Log output configuration:
 #0: stdout all=warning uptime,level,tags
 #1: stderr all=off uptime,level,tags

Environment Variables:
PATH=C:\Program Files\Common Files\Oracle\Java\javapath;C:\Program Files (x86)\NVIDIA Corporation\PhysX\Common;C:\Program Files\Microsoft\jdk-11.0.16.101-hotspot\bin;C:\WINDOWS\system32;C:\WINDOWS;C:\WINDOWS\System32\Wbem;C:\WINDOWS\System32\WindowsPowerShell\v1.0\;C:\WINDOWS\System32\OpenSSH\;C:\Program Files (x86)\Microsoft SQL Server\160\Tools\Binn\;C:\Program Files\Microsoft SQL Server\160\Tools\Binn\;C:\Program Files\Microsoft SQL Server\Client SDK\ODBC\170\Tools\Binn\;C:\Program Files\Microsoft SQL Server\160\DTS\Binn\;C:\Program Files\Microsoft SQL Server\150\Tools\Binn\;C:\Program Files\dotnet\;C:\Program Files (x86)\Microsoft SQL Server\160\DTS\Binn\;C:\Program Files\Git\cmd;C:\Users\danil\AppData\Local\Microsoft\WindowsApps;C:\Users\danil\AppData\Local\Programs\Microsoft VS Code\bin;C:\Users\danil\.dotnet\tools;C:\Program Files\Azure Data Studio\bin;C:\Users\danil\AppData\Local\GitHubDesktop\bin
USERNAME=danil
OS=Windows_NT
PROCESSOR_IDENTIFIER=AMD64 Family 25 Model 80 Stepping 0, AuthenticAMD
TMP=C:\Users\danil\AppData\Local\Temp
TEMP=C:\Users\danil\AppData\Local\Temp



---------------  S Y S T E M  ---------------

OS:
 Windows 11 , 64 bit Build 22621 (10.0.22621.3527)
OS uptime: 9 days 19:46 hours
Hyper-V role detected

CPU: total 12 (initial active 12) (12 cores per cpu, 2 threads per core) family 25 model 80 stepping 0 microcode 0x0, cx8, cmov, fxsr, ht, mmx, 3dnowpref, sse, sse2, sse3, ssse3, sse4a, sse4.1, sse4.2, popcnt, lzcnt, tsc, tscinvbit, avx, avx2, aes, erms, clmul, bmi1, bmi2, adx, sha, fma, vzeroupper, clflush, clflushopt, hv

Memory: 4k page, system-wide physical 16273M (776M free)
TotalPageFile size 44797M (AvailPageFile size 10M)
current process WorkingSet (physical memory assigned to process): 332M, peak: 332M
current process commit charge ("private bytes"): 465M, peak: 475M

vm_info: OpenJDK 64-Bit Server VM (17.0.4.1+1) for windows-amd64 JRE (17.0.4.1+1), built on Aug 17 2022 07:42:43 by "temurin" with MS VC++ 16.7 (VS2019)

END.
